#-----------------------------------------------------------
# Vivado v2025.2 (64-bit)
# SW Build 6299465 on Fri Nov 14 19:35:11 GMT 2025
# IP Build 6300035 on Fri Nov 14 10:48:45 MST 2025
# SharedData Build 6298862 on Thu Nov 13 04:50:51 MST 2025
# Start of session at: Thu Mar 26 14:47:03 2026
# Process ID         : 4044
# Current directory  : C:/Users/robin/Documents/GitHub/FPGA-GearBox---Group-Bertolini-Liberato/dual_stepper_motor/VIVADO FILES
# Command line       : vivado.exe -gui_launcher_event rodinguilauncherevent6564 C:\Users\robin\Documents\GitHub\FPGA-GearBox---Group-Bertolini-Liberato\dual_stepper_motor\VIVADO FILES\project_9.xpr
# Log file           : C:/Users/robin/Documents/GitHub/FPGA-GearBox---Group-Bertolini-Liberato/dual_stepper_motor/VIVADO FILES/vivado.log
# Journal file       : C:/Users/robin/Documents/GitHub/FPGA-GearBox---Group-Bertolini-Liberato/dual_stepper_motor/VIVADO FILES\vivado.jou
# Running On         : PcBobin
# Platform           : Windows Server 2016 or Windows 10
# Operating System   : 26200
# Processor Detail   : 13th Gen Intel(R) Core(TM) i9-13900H
# CPU Frequency      : 2995 MHz
# CPU Physical cores : 14
# CPU Logical cores  : 20
# Host memory        : 16788 MB
# Swap memory        : 8321 MB
# Total Virtual      : 25110 MB
# Available Virtual  : 18454 MB
#-----------------------------------------------------------
start_gui
open_project {C:/Users/robin/Documents/GitHub/FPGA-GearBox---Group-Bertolini-Liberato/dual_stepper_motor/VIVADO FILES/project_9.xpr}
INFO: [ProjectBase 1-489] The host OS only allows 260 characters in a normal path. The project is stored in a path with more than 80 characters. If you experience issues with IP, Block Designs, or files not being found, please consider moving the project to a location with a shorter path. Alternately consider using the OS subst command to map part of the path to a drive letter.
Current project path is 'C:/Users/robin/Documents/GitHub/FPGA-GearBox---Group-Bertolini-Liberato/dual_stepper_motor/VIVADO FILES'
WARNING: [Board 49-26] cannot add Board Part xilinx.com:emb-plus-vpr-4616:part0:1.0 available at C:/AMDDesignTools/2025.2/data/xhub/boards\XilinxBoardStore\boards\Xilinx\emb-plus-vpr-4616\1.0\board.xml as part xcve2302-sfva784-2mp-e-s specified in board_part file is either invalid or not available
WARNING: [Board 49-26] cannot add Board Part xilinx.com:emb-plus-vpr-4616:part0:1.1 available at C:/AMDDesignTools/2025.2/data/xhub/boards\XilinxBoardStore\boards\Xilinx\emb-plus-vpr-4616\1.1\board.xml as part xcve2302-sfva784-2mp-e-s specified in board_part file is either invalid or not available
WARNING: [Board 49-26] cannot add Board Part xilinx.com:k24c:part0:1.0 available at C:/AMDDesignTools/2025.2/data/xhub/boards\XilinxBoardStore\boards\Xilinx\k24c\1.0\board.xml as part xck24-ubva530-2lv-c specified in board_part file is either invalid or not available
WARNING: [Board 49-26] cannot add Board Part xilinx.com:k24c:part0:1.1 available at C:/AMDDesignTools/2025.2/data/xhub/boards\XilinxBoardStore\boards\Xilinx\k24c\1.1\board.xml as part xck24-ubva530-2lv-c specified in board_part file is either invalid or not available
WARNING: [Board 49-26] cannot add Board Part xilinx.com:k24i:part0:1.0 available at C:/AMDDesignTools/2025.2/data/xhub/boards\XilinxBoardStore\boards\Xilinx\k24i\1.0\board.xml as part xck24-ubva530-2lvi-i specified in board_part file is either invalid or not available
WARNING: [Board 49-26] cannot add Board Part xilinx.com:k26c:part0:1.2 available at C:/AMDDesignTools/2025.2/data/xhub/boards\XilinxBoardStore\boards\Xilinx\k26c\1.2\board.xml as part xck26-sfvc784-2lv-c specified in board_part file is either invalid or not available
WARNING: [Board 49-26] cannot add Board Part xilinx.com:k26c:part0:1.3 available at C:/AMDDesignTools/2025.2/data/xhub/boards\XilinxBoardStore\boards\Xilinx\k26c\1.3\board.xml as part xck26-sfvc784-2lv-c specified in board_part file is either invalid or not available
WARNING: [Board 49-26] cannot add Board Part xilinx.com:k26c:part0:1.4 available at C:/AMDDesignTools/2025.2/data/xhub/boards\XilinxBoardStore\boards\Xilinx\k26c\1.4\board.xml as part xck26-sfvc784-2lv-c specified in board_part file is either invalid or not available
WARNING: [Board 49-26] cannot add Board Part xilinx.com:k26i:part0:1.2 available at C:/AMDDesignTools/2025.2/data/xhub/boards\XilinxBoardStore\boards\Xilinx\k26i\1.2\board.xml as part xck26-sfvc784-2lvi-i specified in board_part file is either invalid or not available
WARNING: [Board 49-26] cannot add Board Part xilinx.com:k26i:part0:1.3 available at C:/AMDDesignTools/2025.2/data/xhub/boards\XilinxBoardStore\boards\Xilinx\k26i\1.3\board.xml as part xck26-sfvc784-2lvi-i specified in board_part file is either invalid or not available
WARNING: [Board 49-26] cannot add Board Part xilinx.com:k26i:part0:1.4 available at C:/AMDDesignTools/2025.2/data/xhub/boards\XilinxBoardStore\boards\Xilinx\k26i\1.4\board.xml as part xck26-sfvc784-2lvi-i specified in board_part file is either invalid or not available
WARNING: [Board 49-26] cannot add Board Part xilinx.com:kc705:part0:1.6 available at C:/AMDDesignTools/2025.2/data/xhub/boards\XilinxBoardStore\boards\Xilinx\kc705\1.6\board.xml as part xc7k325tffg900-2 specified in board_part file is either invalid or not available
WARNING: [Board 49-26] cannot add Board Part xilinx.com:kc705:part0:1.7 available at C:/AMDDesignTools/2025.2/data/xhub/boards\XilinxBoardStore\boards\Xilinx\kc705\1.7\board.xml as part xc7k325tffg900-2 specified in board_part file is either invalid or not available
WARNING: [Board 49-26] cannot add Board Part xilinx.com:kcu105:part0:1.6 available at C:/AMDDesignTools/2025.2/data/xhub/boards\XilinxBoardStore\boards\Xilinx\kcu105\1.6\board.xml as part xcku040-ffva1156-2-e specified in board_part file is either invalid or not available
WARNING: [Board 49-26] cannot add Board Part xilinx.com:kcu105:part0:1.7 available at C:/AMDDesignTools/2025.2/data/xhub/boards\XilinxBoardStore\boards\Xilinx\kcu105\1.7\board.xml as part xcku040-ffva1156-2-e specified in board_part file is either invalid or not available
WARNING: [Board 49-26] cannot add Board Part xilinx.com:kcu116:part0:1.4 available at C:/AMDDesignTools/2025.2/data/xhub/boards\XilinxBoardStore\boards\Xilinx\kcu116\1.4\board.xml as part xcku5p-ffvb676-2-e specified in board_part file is either invalid or not available
WARNING: [Board 49-26] cannot add Board Part xilinx.com:kcu116:part0:1.5 available at C:/AMDDesignTools/2025.2/data/xhub/boards\XilinxBoardStore\boards\Xilinx\kcu116\1.5\board.xml as part xcku5p-ffvb676-2-e specified in board_part file is either invalid or not available
WARNING: [Board 49-26] cannot add Board Part xilinx.com:kd240_som:part0:1.0 available at C:/AMDDesignTools/2025.2/data/xhub/boards\XilinxBoardStore\boards\Xilinx\kd240_som\1.0\board.xml as part xck24-ubva530-2lv-c specified in board_part file is either invalid or not available
WARNING: [Board 49-26] cannot add Board Part xilinx.com:kd240_som:part0:1.1 available at C:/AMDDesignTools/2025.2/data/xhub/boards\XilinxBoardStore\boards\Xilinx\kd240_som\1.1\board.xml as part xck24-ubva530-2lv-c specified in board_part file is either invalid or not available
WARNING: [Board 49-26] cannot add Board Part xilinx.com:kr260_som:part0:1.0 available at C:/AMDDesignTools/2025.2/data/xhub/boards\XilinxBoardStore\boards\Xilinx\kr260_som\1.0\board.xml as part xck26-sfvc784-2lv-c specified in board_part file is either invalid or not available
WARNING: [Board 49-26] cannot add Board Part xilinx.com:kr260_som:part0:1.1 available at C:/AMDDesignTools/2025.2/data/xhub/boards\XilinxBoardStore\boards\Xilinx\kr260_som\1.1\board.xml as part xck26-sfvc784-2lv-c specified in board_part file is either invalid or not available
WARNING: [Board 49-26] cannot add Board Part xilinx.com:kv260_som:part0:1.2 available at C:/AMDDesignTools/2025.2/data/xhub/boards\XilinxBoardStore\boards\Xilinx\kv260_som\1.2\board.xml as part xck26-sfvc784-2lv-c specified in board_part file is either invalid or not available
WARNING: [Board 49-26] cannot add Board Part xilinx.com:kv260_som:part0:1.3 available at C:/AMDDesignTools/2025.2/data/xhub/boards\XilinxBoardStore\boards\Xilinx\kv260_som\1.3\board.xml as part xck26-sfvc784-2lv-c specified in board_part file is either invalid or not available
WARNING: [Board 49-26] cannot add Board Part xilinx.com:kv260_som:part0:1.4 available at C:/AMDDesignTools/2025.2/data/xhub/boards\XilinxBoardStore\boards\Xilinx\kv260_som\1.4\board.xml as part xck26-sfvc784-2lv-c specified in board_part file is either invalid or not available
WARNING: [Board 49-26] cannot add Board Part xilinx.com:scu35:part0:1.0 available at C:/AMDDesignTools/2025.2/data/xhub/boards\XilinxBoardStore\boards\Xilinx\scu35\1.0\board.xml as part xcsu35p-sbvb625-2-e specified in board_part file is either invalid or not available
WARNING: [Board 49-26] cannot add Board Part xilinx.com:sp701:part0:1.0 available at C:/AMDDesignTools/2025.2/data/xhub/boards\XilinxBoardStore\boards\Xilinx\sp701\1.0\board.xml as part xc7s100fgga676-2 specified in board_part file is either invalid or not available
WARNING: [Board 49-26] cannot add Board Part xilinx.com:sp701:part0:1.1 available at C:/AMDDesignTools/2025.2/data/xhub/boards\XilinxBoardStore\boards\Xilinx\sp701\1.1\board.xml as part xc7s100fgga676-2 specified in board_part file is either invalid or not available
WARNING: [Board 49-26] cannot add Board Part xilinx.com:vc707:part0:1.4 available at C:/AMDDesignTools/2025.2/data/xhub/boards\XilinxBoardStore\boards\Xilinx\vc707\1.4\board.xml as part xc7vx485tffg1761-2 specified in board_part file is either invalid or not available
WARNING: [Board 49-26] cannot add Board Part xilinx.com:vc707:part0:1.5 available at C:/AMDDesignTools/2025.2/data/xhub/boards\XilinxBoardStore\boards\Xilinx\vc707\1.5\board.xml as part xc7vx485tffg1761-2 specified in board_part file is either invalid or not available
WARNING: [Board 49-26] cannot add Board Part xilinx.com:vc709:part0:1.8 available at C:/AMDDesignTools/2025.2/data/xhub/boards\XilinxBoardStore\boards\Xilinx\vc709\1.8\board.xml as part xc7vx690tffg1761-2 specified in board_part file is either invalid or not available
WARNING: [Board 49-26] cannot add Board Part xilinx.com:vcu108:part0:1.6 available at C:/AMDDesignTools/2025.2/data/xhub/boards\XilinxBoardStore\boards\Xilinx\vcu108\1.6\board.xml as part xcvu095-ffva2104-2-e specified in board_part file is either invalid or not available
WARNING: [Board 49-26] cannot add Board Part xilinx.com:vcu108:part0:1.7 available at C:/AMDDesignTools/2025.2/data/xhub/boards\XilinxBoardStore\boards\Xilinx\vcu108\1.7\board.xml as part xcvu095-ffva2104-2-e specified in board_part file is either invalid or not available
WARNING: [Board 49-26] cannot add Board Part xilinx.com:vcu110:part0:1.4 available at C:/AMDDesignTools/2025.2/data/xhub/boards\XilinxBoardStore\boards\Xilinx\vcu110\1.4\board.xml as part xcvu190-flgc2104-2-e specified in board_part file is either invalid or not available
WARNING: [Board 49-26] cannot add Board Part xilinx.com:vcu129:part0:1.0 available at C:/AMDDesignTools/2025.2/data/xhub/boards\XilinxBoardStore\boards\Xilinx\vcu129\production\1.0\board.xml as part xcvu29p-fsga2577-2l-e specified in board_part file is either invalid or not available
WARNING: [Board 49-26] cannot add Board Part xilinx.com:vek280:part0:1.0 available at C:/AMDDesignTools/2025.2/data/xhub/boards\XilinxBoardStore\boards\Xilinx\vek280\production\1.0\board.xml as part xcve2802-vsvh1760-2mp-e-s specified in board_part file is either invalid or not available
WARNING: [Board 49-26] cannot add Board Part xilinx.com:vek280:part0:1.1 available at C:/AMDDesignTools/2025.2/data/xhub/boards\XilinxBoardStore\boards\Xilinx\vek280\production\1.1\board.xml as part xcve2802-vsvh1760-2mp-e-s specified in board_part file is either invalid or not available
WARNING: [Board 49-26] cannot add Board Part xilinx.com:vek280:part0:1.2 available at C:/AMDDesignTools/2025.2/data/xhub/boards\XilinxBoardStore\boards\Xilinx\vek280\production\1.2\board.xml as part xcve2802-vsvh1760-2mp-e-s specified in board_part file is either invalid or not available
WARNING: [Board 49-26] cannot add Board Part xilinx.com:vek385:part0:1.0 available at C:/AMDDesignTools/2025.2/data/xhub/boards\XilinxBoardStore\boards\Xilinx\vek385\1.0\board.xml as part xc2ve3858-ssva2112-2mp-e-s specified in board_part file is either invalid or not available
WARNING: [Board 49-26] cannot add Board Part xilinx.com:vek385:part0:1.1 available at C:/AMDDesignTools/2025.2/data/xhub/boards\XilinxBoardStore\boards\Xilinx\vek385\1.1\board.xml as part xc2ve3858-ssva2112-2mp-e-s specified in board_part file is either invalid or not available
WARNING: [Board 49-26] cannot add Board Part xilinx.com:vek385_1:part0:1.0 available at C:/AMDDesignTools/2025.2/data/xhub/boards\XilinxBoardStore\boards\Xilinx\vek385_2\1.0\board.xml as part xc2ve3858-ssva2112-2mp-e-s specified in board_part file is either invalid or not available
WARNING: [Board 49-26] cannot add Board Part xilinx.com:vermeo_t1_rfsoc:part0:1.0 available at C:/AMDDesignTools/2025.2/data/xhub/boards\XilinxBoardStore\boards\Xilinx\vermeo_t1_rfsoc\1.0\board.xml as part xczu21dr-ffvd1156-2l-e specified in board_part file is either invalid or not available
WARNING: [Board 49-26] cannot add Board Part xilinx.com:vhk158:part0:1.0 available at C:/AMDDesignTools/2025.2/data/xhub/boards\XilinxBoardStore\boards\Xilinx\vhk158\production\1.0\board.xml as part xcvh1582-vsva3697-2mp-e-s specified in board_part file is either invalid or not available
WARNING: [Board 49-26] cannot add Board Part xilinx.com:vhk158:part0:1.1 available at C:/AMDDesignTools/2025.2/data/xhub/boards\XilinxBoardStore\boards\Xilinx\vhk158\production\1.1\board.xml as part xcvh1582-vsva3697-2mp-e-s specified in board_part file is either invalid or not available
WARNING: [Board 49-26] cannot add Board Part xilinx.com:vhk158:part0:1.2 available at C:/AMDDesignTools/2025.2/data/xhub/boards\XilinxBoardStore\boards\Xilinx\vhk158\production\1.2\board.xml as part xcvh1582-vsva3697-2mp-e-s specified in board_part file is either invalid or not available
WARNING: [Board 49-26] cannot add Board Part xilinx.com:vpk180:part0:1.0 available at C:/AMDDesignTools/2025.2/data/xhub/boards\XilinxBoardStore\boards\Xilinx\vpk180\production\1.0\board.xml as part xcvp1802-lsvc4072-2mp-e-s specified in board_part file is either invalid or not available
WARNING: [Board 49-26] cannot add Board Part xilinx.com:vpk180:part0:1.1 available at C:/AMDDesignTools/2025.2/data/xhub/boards\XilinxBoardStore\boards\Xilinx\vpk180\production\1.1\board.xml as part xcvp1802-lsvc4072-2mp-e-s specified in board_part file is either invalid or not available
WARNING: [Board 49-26] cannot add Board Part xilinx.com:vpk180:part0:1.2 available at C:/AMDDesignTools/2025.2/data/xhub/boards\XilinxBoardStore\boards\Xilinx\vpk180\production\1.2\board.xml as part xcvp1802-lsvc4072-2mp-e-s specified in board_part file is either invalid or not available
WARNING: [Board 49-26] cannot add Board Part xilinx.com:vrk160:part0:1.0 available at C:/AMDDesignTools/2025.2/data/xhub/boards\XilinxBoardStore\boards\Xilinx\vrk160\1.0\board.xml as part xcvr1602-vsva2488-2mp-e-s-es1 specified in board_part file is either invalid or not available
WARNING: [Board 49-26] cannot add Board Part xilinx.com:vrk160:part0:1.1 available at C:/AMDDesignTools/2025.2/data/xhub/boards\XilinxBoardStore\boards\Xilinx\vrk160\1.1\board.xml as part xcvr1602-vsva2488-2mp-e-s-es1 specified in board_part file is either invalid or not available
WARNING: [Board 49-26] cannot add Board Part xilinx.com:zcu111:part0:1.2 available at C:/AMDDesignTools/2025.2/data/xhub/boards\XilinxBoardStore\boards\Xilinx\zcu111\1.2\board.xml as part xczu28dr-ffvg1517-2-e specified in board_part file is either invalid or not available
WARNING: [Board 49-26] cannot add Board Part xilinx.com:zcu111:part0:1.3 available at C:/AMDDesignTools/2025.2/data/xhub/boards\XilinxBoardStore\boards\Xilinx\zcu111\1.3\board.xml as part xczu28dr-ffvg1517-2-e specified in board_part file is either invalid or not available
WARNING: [Board 49-26] cannot add Board Part xilinx.com:zcu111:part0:1.4 available at C:/AMDDesignTools/2025.2/data/xhub/boards\XilinxBoardStore\boards\Xilinx\zcu111\1.4\board.xml as part xczu28dr-ffvg1517-2-e specified in board_part file is either invalid or not available
WARNING: [Board 49-26] cannot add Board Part xilinx.com:zcu1275:part0:1.0 available at C:/AMDDesignTools/2025.2/data/xhub/boards\XilinxBoardStore\boards\Xilinx\zcu1275\1.0\board.xml as part xczu29dr-ffvf1760-2-e specified in board_part file is either invalid or not available
WARNING: [Board 49-26] cannot add Board Part xilinx.com:zcu1285:part0:1.0 available at C:/AMDDesignTools/2025.2/data/xhub/boards\XilinxBoardStore\boards\Xilinx\zcu1285\1.0\board.xml as part xczu39dr-ffvf1760-2-i specified in board_part file is either invalid or not available
WARNING: [Board 49-26] cannot add Board Part xilinx.com:zcu208:part0:2.0 available at C:/AMDDesignTools/2025.2/data/xhub/boards\XilinxBoardStore\boards\Xilinx\zcu208\production\2.0\board.xml as part xczu48dr-fsvg1517-2-e specified in board_part file is either invalid or not available
WARNING: [Board 49-26] cannot add Board Part xilinx.com:zcu208ld:part0:2.0 available at C:/AMDDesignTools/2025.2/data/xhub/boards\XilinxBoardStore\boards\Xilinx\zcu208ld\production\2.0\board.xml as part xczu58dr-fsvg1517-2-i specified in board_part file is either invalid or not available
WARNING: [Board 49-26] cannot add Board Part xilinx.com:zcu216:part0:2.0 available at C:/AMDDesignTools/2025.2/data/xhub/boards\XilinxBoardStore\boards\Xilinx\zcu216\production\2.0\board.xml as part xczu49dr-ffvf1760-2-e specified in board_part file is either invalid or not available
WARNING: [Board 49-26] cannot add Board Part xilinx.com:zcu216ld:part0:2.0 available at C:/AMDDesignTools/2025.2/data/xhub/boards\XilinxBoardStore\boards\Xilinx\zcu216ld\production\2.0\board.xml as part xczu59dr-ffvf1760-2-i specified in board_part file is either invalid or not available
WARNING: [Board 49-26] cannot add Board Part xilinx.com:zcu670:part0:2.0 available at C:/AMDDesignTools/2025.2/data/xhub/boards\XilinxBoardStore\boards\Xilinx\zcu670\2.0\board.xml as part xczu67dr-fsve1156-2-i specified in board_part file is either invalid or not available
WARNING: [Board 49-26] cannot add Board Part xilinx.com:zcu670ld:part0:1.0 available at C:/AMDDesignTools/2025.2/data/xhub/boards\XilinxBoardStore\boards\Xilinx\zcu670ld\1.0\board.xml as part xczu57dr-fsve1156-2-i specified in board_part file is either invalid or not available
INFO: [Project 1-313] Project file moved from 'C:/Users/robin/project_9' since last save.
INFO: [filemgmt 56-1] Board Part Repository Path: Directory not found as 'C:/Users/robin/Documents/GitHub/FPGA-GearBox---Group-Bertolini-Liberato/dual_stepper_motor/AppData/Roaming/Xilinx/Vivado/2025.2/xhub/board_store/xilinx_board_store'; using path 'C:/Users/robin/AppData/Roaming/Xilinx/Vivado/2025.2/xhub/board_store/xilinx_board_store' instead.
INFO: [filemgmt 56-1] Board Part Repository Path: Directory not found as 'C:/Users/robin/Documents/GitHub/Xilinx/board_files'; using path 'C:/Xilinx/board_files' instead.
INFO: [filemgmt 56-3] Default IP Output Path : Could not find the directory 'C:/Users/robin/Documents/GitHub/FPGA-GearBox---Group-Bertolini-Liberato/dual_stepper_motor/VIVADO FILES/project_9.gen/sources_1'.
WARNING: [Project 1-312] File not found as 'C:/Users/robin/Documents/GitHub/FPGA-GearBox---Group-Bertolini-Liberato/dual_stepper_motor/Documents/GitHub/FPGA-GearBox---Group-Bertolini-Liberato/dual_stepper_motor/stepper_motor_ctrl.vhd'; using path 'C:/Users/robin/Documents/GitHub/FPGA-GearBox---Group-Bertolini-Liberato/dual_stepper_motor/stepper_motor_ctrl.vhd' instead.
WARNING: [Project 1-312] File not found as 'C:/Users/robin/Documents/GitHub/FPGA-GearBox---Group-Bertolini-Liberato/dual_stepper_motor/Documents/GitHub/FPGA-GearBox---Group-Bertolini-Liberato/dual_stepper_motor/dual_stepper_top.vhd'; using path 'C:/Users/robin/Documents/GitHub/FPGA-GearBox---Group-Bertolini-Liberato/dual_stepper_motor/dual_stepper_top.vhd' instead.
WARNING: [Project 1-312] File not found as 'C:/Users/robin/Documents/GitHub/FPGA-GearBox---Group-Bertolini-Liberato/dual_stepper_motor/Documents/GitHub/FPGA-GearBox---Group-Bertolini-Liberato/dual_stepper_motor/dual_stepper_basys3.xdc'; using path 'C:/Users/robin/Documents/GitHub/FPGA-GearBox---Group-Bertolini-Liberato/dual_stepper_motor/dual_stepper_basys3.xdc' instead.
WARNING: [Project 1-312] File not found as 'C:/Users/robin/Documents/GitHub/FPGA-GearBox---Group-Bertolini-Liberato/dual_stepper_motor/Documents/GitHub/FPGA-GearBox---Group-Bertolini-Liberato/dual_stepper_motor/tb_dual_stepper.vhd'; using path 'C:/Users/robin/Documents/GitHub/FPGA-GearBox---Group-Bertolini-Liberato/dual_stepper_motor/tb_dual_stepper.vhd' instead.
Scanning sources...
Finished scanning sources
WARNING: [Project 1-312] File not found as 'C:/Users/robin/Documents/GitHub/FPGA-GearBox---Group-Bertolini-Liberato/dual_stepper_motor/Documents/GitHub/FPGA-GearBox---Group-Bertolini-Liberato/dual_stepper_motor/stepper_motor_ctrl.vhd'; using path 'C:/Users/robin/Documents/GitHub/FPGA-GearBox---Group-Bertolini-Liberato/dual_stepper_motor/stepper_motor_ctrl.vhd' instead.
WARNING: [Project 1-312] File not found as 'C:/Users/robin/Documents/GitHub/FPGA-GearBox---Group-Bertolini-Liberato/dual_stepper_motor/Documents/GitHub/FPGA-GearBox---Group-Bertolini-Liberato/dual_stepper_motor/dual_stepper_top.vhd'; using path 'C:/Users/robin/Documents/GitHub/FPGA-GearBox---Group-Bertolini-Liberato/dual_stepper_motor/dual_stepper_top.vhd' instead.
WARNING: [Project 1-312] File not found as 'C:/Users/robin/Documents/GitHub/FPGA-GearBox---Group-Bertolini-Liberato/dual_stepper_motor/Documents/GitHub/FPGA-GearBox---Group-Bertolini-Liberato/dual_stepper_motor/dual_stepper_basys3.xdc'; using path 'C:/Users/robin/Documents/GitHub/FPGA-GearBox---Group-Bertolini-Liberato/dual_stepper_motor/dual_stepper_basys3.xdc' instead.
WARNING: [Project 1-312] File not found as 'C:/Users/robin/Documents/GitHub/FPGA-GearBox---Group-Bertolini-Liberato/dual_stepper_motor/Documents/GitHub/FPGA-GearBox---Group-Bertolini-Liberato/dual_stepper_motor/stepper_motor_ctrl.vhd'; using path 'C:/Users/robin/Documents/GitHub/FPGA-GearBox---Group-Bertolini-Liberato/dual_stepper_motor/stepper_motor_ctrl.vhd' instead.
WARNING: [Project 1-312] File not found as 'C:/Users/robin/Documents/GitHub/FPGA-GearBox---Group-Bertolini-Liberato/dual_stepper_motor/Documents/GitHub/FPGA-GearBox---Group-Bertolini-Liberato/dual_stepper_motor/dual_stepper_top.vhd'; using path 'C:/Users/robin/Documents/GitHub/FPGA-GearBox---Group-Bertolini-Liberato/dual_stepper_motor/dual_stepper_top.vhd' instead.
WARNING: [Project 1-312] File not found as 'C:/Users/robin/Documents/GitHub/FPGA-GearBox---Group-Bertolini-Liberato/dual_stepper_motor/Documents/GitHub/FPGA-GearBox---Group-Bertolini-Liberato/dual_stepper_motor/dual_stepper_basys3.xdc'; using path 'C:/Users/robin/Documents/GitHub/FPGA-GearBox---Group-Bertolini-Liberato/dual_stepper_motor/dual_stepper_basys3.xdc' instead.
WARNING: [Board 49-26] cannot add Board Part xilinx.com:emb-plus-vpr-4616:part0:1.0 available at C:/AMDDesignTools/2025.2/data/xhub/boards\XilinxBoardStore\boards\Xilinx\emb-plus-vpr-4616\1.0\board.xml as part xcve2302-sfva784-2mp-e-s specified in board_part file is either invalid or not available
WARNING: [Board 49-26] cannot add Board Part xilinx.com:emb-plus-vpr-4616:part0:1.1 available at C:/AMDDesignTools/2025.2/data/xhub/boards\XilinxBoardStore\boards\Xilinx\emb-plus-vpr-4616\1.1\board.xml as part xcve2302-sfva784-2mp-e-s specified in board_part file is either invalid or not available
WARNING: [Board 49-26] cannot add Board Part xilinx.com:k24c:part0:1.0 available at C:/AMDDesignTools/2025.2/data/xhub/boards\XilinxBoardStore\boards\Xilinx\k24c\1.0\board.xml as part xck24-ubva530-2lv-c specified in board_part file is either invalid or not available
WARNING: [Board 49-26] cannot add Board Part xilinx.com:k24c:part0:1.1 available at C:/AMDDesignTools/2025.2/data/xhub/boards\XilinxBoardStore\boards\Xilinx\k24c\1.1\board.xml as part xck24-ubva530-2lv-c specified in board_part file is either invalid or not available
WARNING: [Board 49-26] cannot add Board Part xilinx.com:k24i:part0:1.0 available at C:/AMDDesignTools/2025.2/data/xhub/boards\XilinxBoardStore\boards\Xilinx\k24i\1.0\board.xml as part xck24-ubva530-2lvi-i specified in board_part file is either invalid or not available
WARNING: [Board 49-26] cannot add Board Part xilinx.com:k26c:part0:1.2 available at C:/AMDDesignTools/2025.2/data/xhub/boards\XilinxBoardStore\boards\Xilinx\k26c\1.2\board.xml as part xck26-sfvc784-2lv-c specified in board_part file is either invalid or not available
WARNING: [Board 49-26] cannot add Board Part xilinx.com:k26c:part0:1.3 available at C:/AMDDesignTools/2025.2/data/xhub/boards\XilinxBoardStore\boards\Xilinx\k26c\1.3\board.xml as part xck26-sfvc784-2lv-c specified in board_part file is either invalid or not available
WARNING: [Board 49-26] cannot add Board Part xilinx.com:k26c:part0:1.4 available at C:/AMDDesignTools/2025.2/data/xhub/boards\XilinxBoardStore\boards\Xilinx\k26c\1.4\board.xml as part xck26-sfvc784-2lv-c specified in board_part file is either invalid or not available
WARNING: [Board 49-26] cannot add Board Part xilinx.com:k26i:part0:1.2 available at C:/AMDDesignTools/2025.2/data/xhub/boards\XilinxBoardStore\boards\Xilinx\k26i\1.2\board.xml as part xck26-sfvc784-2lvi-i specified in board_part file is either invalid or not available
WARNING: [Board 49-26] cannot add Board Part xilinx.com:k26i:part0:1.3 available at C:/AMDDesignTools/2025.2/data/xhub/boards\XilinxBoardStore\boards\Xilinx\k26i\1.3\board.xml as part xck26-sfvc784-2lvi-i specified in board_part file is either invalid or not available
WARNING: [Board 49-26] cannot add Board Part xilinx.com:k26i:part0:1.4 available at C:/AMDDesignTools/2025.2/data/xhub/boards\XilinxBoardStore\boards\Xilinx\k26i\1.4\board.xml as part xck26-sfvc784-2lvi-i specified in board_part file is either invalid or not available
WARNING: [Board 49-26] cannot add Board Part xilinx.com:kc705:part0:1.6 available at C:/AMDDesignTools/2025.2/data/xhub/boards\XilinxBoardStore\boards\Xilinx\kc705\1.6\board.xml as part xc7k325tffg900-2 specified in board_part file is either invalid or not available
WARNING: [Board 49-26] cannot add Board Part xilinx.com:kc705:part0:1.7 available at C:/AMDDesignTools/2025.2/data/xhub/boards\XilinxBoardStore\boards\Xilinx\kc705\1.7\board.xml as part xc7k325tffg900-2 specified in board_part file is either invalid or not available
WARNING: [Board 49-26] cannot add Board Part xilinx.com:kcu105:part0:1.6 available at C:/AMDDesignTools/2025.2/data/xhub/boards\XilinxBoardStore\boards\Xilinx\kcu105\1.6\board.xml as part xcku040-ffva1156-2-e specified in board_part file is either invalid or not available
WARNING: [Board 49-26] cannot add Board Part xilinx.com:kcu105:part0:1.7 available at C:/AMDDesignTools/2025.2/data/xhub/boards\XilinxBoardStore\boards\Xilinx\kcu105\1.7\board.xml as part xcku040-ffva1156-2-e specified in board_part file is either invalid or not available
WARNING: [Board 49-26] cannot add Board Part xilinx.com:kcu116:part0:1.4 available at C:/AMDDesignTools/2025.2/data/xhub/boards\XilinxBoardStore\boards\Xilinx\kcu116\1.4\board.xml as part xcku5p-ffvb676-2-e specified in board_part file is either invalid or not available
WARNING: [Board 49-26] cannot add Board Part xilinx.com:kcu116:part0:1.5 available at C:/AMDDesignTools/2025.2/data/xhub/boards\XilinxBoardStore\boards\Xilinx\kcu116\1.5\board.xml as part xcku5p-ffvb676-2-e specified in board_part file is either invalid or not available
WARNING: [Board 49-26] cannot add Board Part xilinx.com:kd240_som:part0:1.0 available at C:/AMDDesignTools/2025.2/data/xhub/boards\XilinxBoardStore\boards\Xilinx\kd240_som\1.0\board.xml as part xck24-ubva530-2lv-c specified in board_part file is either invalid or not available
WARNING: [Board 49-26] cannot add Board Part xilinx.com:kd240_som:part0:1.1 available at C:/AMDDesignTools/2025.2/data/xhub/boards\XilinxBoardStore\boards\Xilinx\kd240_som\1.1\board.xml as part xck24-ubva530-2lv-c specified in board_part file is either invalid or not available
WARNING: [Board 49-26] cannot add Board Part xilinx.com:kr260_som:part0:1.0 available at C:/AMDDesignTools/2025.2/data/xhub/boards\XilinxBoardStore\boards\Xilinx\kr260_som\1.0\board.xml as part xck26-sfvc784-2lv-c specified in board_part file is either invalid or not available
WARNING: [Board 49-26] cannot add Board Part xilinx.com:kr260_som:part0:1.1 available at C:/AMDDesignTools/2025.2/data/xhub/boards\XilinxBoardStore\boards\Xilinx\kr260_som\1.1\board.xml as part xck26-sfvc784-2lv-c specified in board_part file is either invalid or not available
WARNING: [Board 49-26] cannot add Board Part xilinx.com:kv260_som:part0:1.2 available at C:/AMDDesignTools/2025.2/data/xhub/boards\XilinxBoardStore\boards\Xilinx\kv260_som\1.2\board.xml as part xck26-sfvc784-2lv-c specified in board_part file is either invalid or not available
WARNING: [Board 49-26] cannot add Board Part xilinx.com:kv260_som:part0:1.3 available at C:/AMDDesignTools/2025.2/data/xhub/boards\XilinxBoardStore\boards\Xilinx\kv260_som\1.3\board.xml as part xck26-sfvc784-2lv-c specified in board_part file is either invalid or not available
WARNING: [Board 49-26] cannot add Board Part xilinx.com:kv260_som:part0:1.4 available at C:/AMDDesignTools/2025.2/data/xhub/boards\XilinxBoardStore\boards\Xilinx\kv260_som\1.4\board.xml as part xck26-sfvc784-2lv-c specified in board_part file is either invalid or not available
WARNING: [Board 49-26] cannot add Board Part xilinx.com:scu35:part0:1.0 available at C:/AMDDesignTools/2025.2/data/xhub/boards\XilinxBoardStore\boards\Xilinx\scu35\1.0\board.xml as part xcsu35p-sbvb625-2-e specified in board_part file is either invalid or not available
WARNING: [Board 49-26] cannot add Board Part xilinx.com:sp701:part0:1.0 available at C:/AMDDesignTools/2025.2/data/xhub/boards\XilinxBoardStore\boards\Xilinx\sp701\1.0\board.xml as part xc7s100fgga676-2 specified in board_part file is either invalid or not available
WARNING: [Board 49-26] cannot add Board Part xilinx.com:sp701:part0:1.1 available at C:/AMDDesignTools/2025.2/data/xhub/boards\XilinxBoardStore\boards\Xilinx\sp701\1.1\board.xml as part xc7s100fgga676-2 specified in board_part file is either invalid or not available
WARNING: [Board 49-26] cannot add Board Part xilinx.com:vc707:part0:1.4 available at C:/AMDDesignTools/2025.2/data/xhub/boards\XilinxBoardStore\boards\Xilinx\vc707\1.4\board.xml as part xc7vx485tffg1761-2 specified in board_part file is either invalid or not available
WARNING: [Board 49-26] cannot add Board Part xilinx.com:vc707:part0:1.5 available at C:/AMDDesignTools/2025.2/data/xhub/boards\XilinxBoardStore\boards\Xilinx\vc707\1.5\board.xml as part xc7vx485tffg1761-2 specified in board_part file is either invalid or not available
WARNING: [Board 49-26] cannot add Board Part xilinx.com:vc709:part0:1.8 available at C:/AMDDesignTools/2025.2/data/xhub/boards\XilinxBoardStore\boards\Xilinx\vc709\1.8\board.xml as part xc7vx690tffg1761-2 specified in board_part file is either invalid or not available
WARNING: [Board 49-26] cannot add Board Part xilinx.com:vcu108:part0:1.6 available at C:/AMDDesignTools/2025.2/data/xhub/boards\XilinxBoardStore\boards\Xilinx\vcu108\1.6\board.xml as part xcvu095-ffva2104-2-e specified in board_part file is either invalid or not available
WARNING: [Board 49-26] cannot add Board Part xilinx.com:vcu108:part0:1.7 available at C:/AMDDesignTools/2025.2/data/xhub/boards\XilinxBoardStore\boards\Xilinx\vcu108\1.7\board.xml as part xcvu095-ffva2104-2-e specified in board_part file is either invalid or not available
WARNING: [Board 49-26] cannot add Board Part xilinx.com:vcu110:part0:1.4 available at C:/AMDDesignTools/2025.2/data/xhub/boards\XilinxBoardStore\boards\Xilinx\vcu110\1.4\board.xml as part xcvu190-flgc2104-2-e specified in board_part file is either invalid or not available
WARNING: [Board 49-26] cannot add Board Part xilinx.com:vcu129:part0:1.0 available at C:/AMDDesignTools/2025.2/data/xhub/boards\XilinxBoardStore\boards\Xilinx\vcu129\production\1.0\board.xml as part xcvu29p-fsga2577-2l-e specified in board_part file is either invalid or not available
WARNING: [Board 49-26] cannot add Board Part xilinx.com:vek280:part0:1.0 available at C:/AMDDesignTools/2025.2/data/xhub/boards\XilinxBoardStore\boards\Xilinx\vek280\production\1.0\board.xml as part xcve2802-vsvh1760-2mp-e-s specified in board_part file is either invalid or not available
WARNING: [Board 49-26] cannot add Board Part xilinx.com:vek280:part0:1.1 available at C:/AMDDesignTools/2025.2/data/xhub/boards\XilinxBoardStore\boards\Xilinx\vek280\production\1.1\board.xml as part xcve2802-vsvh1760-2mp-e-s specified in board_part file is either invalid or not available
WARNING: [Board 49-26] cannot add Board Part xilinx.com:vek280:part0:1.2 available at C:/AMDDesignTools/2025.2/data/xhub/boards\XilinxBoardStore\boards\Xilinx\vek280\production\1.2\board.xml as part xcve2802-vsvh1760-2mp-e-s specified in board_part file is either invalid or not available
WARNING: [Board 49-26] cannot add Board Part xilinx.com:vek385:part0:1.0 available at C:/AMDDesignTools/2025.2/data/xhub/boards\XilinxBoardStore\boards\Xilinx\vek385\1.0\board.xml as part xc2ve3858-ssva2112-2mp-e-s specified in board_part file is either invalid or not available
WARNING: [Board 49-26] cannot add Board Part xilinx.com:vek385:part0:1.1 available at C:/AMDDesignTools/2025.2/data/xhub/boards\XilinxBoardStore\boards\Xilinx\vek385\1.1\board.xml as part xc2ve3858-ssva2112-2mp-e-s specified in board_part file is either invalid or not available
WARNING: [Board 49-26] cannot add Board Part xilinx.com:vek385_1:part0:1.0 available at C:/AMDDesignTools/2025.2/data/xhub/boards\XilinxBoardStore\boards\Xilinx\vek385_2\1.0\board.xml as part xc2ve3858-ssva2112-2mp-e-s specified in board_part file is either invalid or not available
INFO: [Common 17-14] Message 'Board 49-26' appears 100 times and further instances of the messages will be disabled. Use the Tcl command set_msg_config to change the current settings.
INFO: [IP_Flow 19-234] Refreshing IP repositories
INFO: [IP_Flow 19-1704] No user IP repositories specified
INFO: [IP_Flow 19-2313] Loaded Vivado IP repository 'C:/AMDDesignTools/2025.2/Vivado/data/ip'.
open_project: Time (s): cpu = 00:00:23 ; elapsed = 00:00:13 . Memory (MB): peak = 1780.395 ; gain = 313.188
update_compile_order -fileset sources_1
launch_simulation
Command: launch_simulation 
INFO: [Vivado 12-25911] Executing simulation for 'XSim' simulator
INFO: [Vivado 12-28535] Process started - Thu Mar 26 14:48:18 2026

INFO: [Vivado 12-12493] Simulation top is 'tb_dual_stepper'
INFO: [Vivado 12-5682] Launching behavioral simulation in 'C:/Users/robin/Documents/GitHub/FPGA-GearBox---Group-Bertolini-Liberato/dual_stepper_motor/VIVADO FILES/project_9.sim/sim_1/behav/xsim'
INFO: [SIM-utils-51] Simulation object is 'sim_1'
INFO: [SIM-utils-72] Using boost library from 'C:/AMDDesignTools/2025.2/Vivado/tps/boost_1_72_0'
INFO: [SIM-utils-54] Inspecting design source files for 'tb_dual_stepper' in fileset 'sim_1'...
INFO: [USF-XSim-97] Finding global include files...
INFO: [USF-XSim-98] Fetching design files from 'sim_1'...
INFO: [USF-XSim-2] XSim::Compile design
INFO: [USF-XSim-61] Executing 'COMPILE and ANALYZE' step in 'C:/Users/robin/Documents/GitHub/FPGA-GearBox---Group-Bertolini-Liberato/dual_stepper_motor/VIVADO FILES/project_9.sim/sim_1/behav/xsim'
"xvhdl --incr --relax -prj tb_dual_stepper_vhdl.prj"
run_program: Time (s): cpu = 00:00:00 ; elapsed = 00:00:07 . Memory (MB): peak = 1781.418 ; gain = 0.000
INFO: [USF-XSim-69] 'compile' step finished in '7' seconds
INFO: [USF-XSim-3] XSim::Elaborate design
INFO: [USF-XSim-61] Executing 'ELABORATE' step in 'C:/Users/robin/Documents/GitHub/FPGA-GearBox---Group-Bertolini-Liberato/dual_stepper_motor/VIVADO FILES/project_9.sim/sim_1/behav/xsim'
"xelab --incr --debug typical --relax --mt 2 -L xil_defaultlib -L secureip --snapshot tb_dual_stepper_behav xil_defaultlib.tb_dual_stepper -log elaborate.log"
Vivado Simulator v2025.2
Copyright 1986-2022 Xilinx, Inc. All Rights Reserved.
Copyright 2022-2025 Advanced Micro Devices, Inc. All Rights Reserved.
Running: C:/AMDDesignTools/2025.2/Vivado/bin/unwrapped/win64.o/xelab.exe --incr --debug typical --relax --mt 2 -L xil_defaultlib -L secureip --snapshot tb_dual_stepper_behav xil_defaultlib.tb_dual_stepper -log elaborate.log 
Using 2 slave threads.
Starting static elaboration
Completed static elaboration
INFO: [XSIM 43-4323] No Change in HDL. Linking previously generated obj files to create kernel
INFO: [USF-XSim-69] 'elaborate' step finished in '5' seconds
INFO: [USF-XSim-4] XSim::Simulate design
INFO: [USF-XSim-61] Executing 'SIMULATE' step in 'C:/Users/robin/Documents/GitHub/FPGA-GearBox---Group-Bertolini-Liberato/dual_stepper_motor/VIVADO FILES/project_9.sim/sim_1/behav/xsim'
INFO: [USF-XSim-98] *** Running xsim
   with args "tb_dual_stepper_behav -key {Behavioral:sim_1:Functional:tb_dual_stepper} -tclbatch {tb_dual_stepper.tcl} -log {simulate.log}"
INFO: [USF-XSim-8] Loading simulator feature
Time resolution is 1 ps
source tb_dual_stepper.tcl
# set curr_wave [current_wave_config]
# if { [string length $curr_wave] == 0 } {
#   if { [llength [get_objects]] > 0} {
#     add_wave /
#     set_property needs_save false [current_wave_config]
#   } else {
#      send_msg_id Add_Wave-1 WARNING "No top level signals found. Simulator will start without a wave window. If you want to open a wave window go to 'File->New Waveform Configuration' or type 'create_wave_config' in the TCL console."
#   }
# }
# run 1000ns
Note: === TC1: Reset check ===
Time: 0 ps  Iteration: 0  Process: /tb_dual_stepper/p_stim  File: C:/Users/robin/Documents/GitHub/FPGA-GearBox---Group-Bertolini-Liberato/dual_stepper_motor/tb_dual_stepper.vhd
xsim: Time (s): cpu = 00:00:15 ; elapsed = 00:00:09 . Memory (MB): peak = 1781.418 ; gain = 0.000
INFO: [USF-XSim-96] XSim completed. Design snapshot 'tb_dual_stepper_behav' loaded.
INFO: [USF-XSim-97] XSim simulation ran for 1000ns
launch_simulation: Time (s): cpu = 00:00:19 ; elapsed = 00:00:26 . Memory (MB): peak = 1781.418 ; gain = 0.000
synth_design -top dual_stepper_top -part xc7a35tcpg236-1 -lint 
Command: synth_design -top dual_stepper_top -part xc7a35tcpg236-1 -lint
Starting synth_design
Attempting to get a license for feature 'Synthesis' and/or device 'xc7a35t'
INFO: [Common 17-349] Got license for feature 'Synthesis' and/or device 'xc7a35t'
INFO: [Synth 8-7079] Multithreading enabled for synth_design using a maximum of 2 processes.
INFO: [Synth 8-7078] Launching helper process for spawning children vivado processes
INFO: [Synth 8-7075] Helper process launched with PID 8432
---------------------------------------------------------------------------------
Starting Synthesize : Time (s): cpu = 00:00:09 ; elapsed = 00:00:08 . Memory (MB): peak = 2282.285 ; gain = 500.867
---------------------------------------------------------------------------------
Clean up Linter database...
INFO: [Synth 8-638] synthesizing module 'dual_stepper_top' [C:/Users/robin/Documents/GitHub/FPGA-GearBox---Group-Bertolini-Liberato/dual_stepper_motor/dual_stepper_top.vhd:42]
	Parameter CLK_FREQ_HZ bound to: 100000000 - type: integer 
	Parameter STEP_FREQ_HZ bound to: 100 - type: integer 
INFO: [Synth 8-3491] module 'stepper_motor_ctrl' declared at 'C:/Users/robin/Documents/GitHub/FPGA-GearBox---Group-Bertolini-Liberato/dual_stepper_motor/stepper_motor_ctrl.vhd:23' bound to instance 'U_MOTOR1' of component 'stepper_motor_ctrl' [C:/Users/robin/Documents/GitHub/FPGA-GearBox---Group-Bertolini-Liberato/dual_stepper_motor/dual_stepper_top.vhd:67]
INFO: [Synth 8-638] synthesizing module 'stepper_motor_ctrl' [C:/Users/robin/Documents/GitHub/FPGA-GearBox---Group-Bertolini-Liberato/dual_stepper_motor/stepper_motor_ctrl.vhd:37]
	Parameter CLK_FREQ_HZ bound to: 100000000 - type: integer 
	Parameter STEP_FREQ_HZ bound to: 100 - type: integer 
INFO: [Synth 8-256] done synthesizing module 'stepper_motor_ctrl' (1#1) [C:/Users/robin/Documents/GitHub/FPGA-GearBox---Group-Bertolini-Liberato/dual_stepper_motor/stepper_motor_ctrl.vhd:37]
	Parameter CLK_FREQ_HZ bound to: 100000000 - type: integer 
	Parameter STEP_FREQ_HZ bound to: 100 - type: integer 
INFO: [Synth 8-3491] module 'stepper_motor_ctrl' declared at 'C:/Users/robin/Documents/GitHub/FPGA-GearBox---Group-Bertolini-Liberato/dual_stepper_motor/stepper_motor_ctrl.vhd:23' bound to instance 'U_MOTOR2' of component 'stepper_motor_ctrl' [C:/Users/robin/Documents/GitHub/FPGA-GearBox---Group-Bertolini-Liberato/dual_stepper_motor/dual_stepper_top.vhd:84]
INFO: [Synth 8-256] done synthesizing module 'dual_stepper_top' (2#1) [C:/Users/robin/Documents/GitHub/FPGA-GearBox---Group-Bertolini-Liberato/dual_stepper_motor/dual_stepper_top.vhd:42]
---------------------------------------------------------------------------------
Finished Synthesize : Time (s): cpu = 00:00:11 ; elapsed = 00:00:10 . Memory (MB): peak = 2400.219 ; gain = 618.801
---------------------------------------------------------------------------------
Copyright 1986-2022 Xilinx, Inc. All Rights Reserved. Copyright 2022-2025 Advanced Micro Devices, Inc. All Rights Reserved.
---------------------------------------------------------------------------------------------------------------------------------------------
| Tool Version : Vivado v.2025.2 (win64) Build 6299465 Fri Nov 14 19:35:11 GMT 2025
| Date         : Thu Mar 26 14:48:59 2026
| Host         : PcBobin running 64-bit major release  (build 9200)
---------------------------------------------------------------------------------------------------------------------------------------------

RTL Linter Report

Table of Contents
-----------------
1. Summary

1. Summary
----------

+---------+----------+--------------+----------+
| Rule ID | Severity | # Violations | # Waived |
+---------+----------+--------------+----------+


INFO: [Synth 37-85] Total of 0 linter message(s) generated.
INFO: [Synth 37-45] Linter Run Finished!
Synthesis Optimization Runtime : Time (s): cpu = 00:00:12 ; elapsed = 00:00:10 . Memory (MB): peak = 2400.219 ; gain = 618.801
INFO: [Common 17-83] Releasing license: Synthesis
13 Infos, 0 Warnings, 0 Critical Warnings and 0 Errors encountered.
synth_design completed successfully
synth_design: Time (s): cpu = 00:00:12 ; elapsed = 00:00:11 . Memory (MB): peak = 2400.219 ; gain = 618.801
synth_design -top dual_stepper_top -part xc7a35tcpg236-1 -lint 
Command: synth_design -top dual_stepper_top -part xc7a35tcpg236-1 -lint
Starting synth_design
Attempting to get a license for feature 'Synthesis' and/or device 'xc7a35t'
INFO: [Common 17-349] Got license for feature 'Synthesis' and/or device 'xc7a35t'
INFO: [Synth 8-7079] Multithreading enabled for synth_design using a maximum of 2 processes.
---------------------------------------------------------------------------------
Starting Synthesize : Time (s): cpu = 00:00:09 ; elapsed = 00:00:08 . Memory (MB): peak = 2400.219 ; gain = 0.000
---------------------------------------------------------------------------------
Clean up Linter database...
INFO: [Synth 8-638] synthesizing module 'dual_stepper_top' [C:/Users/robin/Documents/GitHub/FPGA-GearBox---Group-Bertolini-Liberato/dual_stepper_motor/dual_stepper_top.vhd:42]
	Parameter CLK_FREQ_HZ bound to: 100000000 - type: integer 
	Parameter STEP_FREQ_HZ bound to: 100 - type: integer 
INFO: [Synth 8-3491] module 'stepper_motor_ctrl' declared at 'C:/Users/robin/Documents/GitHub/FPGA-GearBox---Group-Bertolini-Liberato/dual_stepper_motor/stepper_motor_ctrl.vhd:23' bound to instance 'U_MOTOR1' of component 'stepper_motor_ctrl' [C:/Users/robin/Documents/GitHub/FPGA-GearBox---Group-Bertolini-Liberato/dual_stepper_motor/dual_stepper_top.vhd:67]
INFO: [Synth 8-638] synthesizing module 'stepper_motor_ctrl' [C:/Users/robin/Documents/GitHub/FPGA-GearBox---Group-Bertolini-Liberato/dual_stepper_motor/stepper_motor_ctrl.vhd:37]
	Parameter CLK_FREQ_HZ bound to: 100000000 - type: integer 
	Parameter STEP_FREQ_HZ bound to: 100 - type: integer 
INFO: [Synth 8-256] done synthesizing module 'stepper_motor_ctrl' (1#1) [C:/Users/robin/Documents/GitHub/FPGA-GearBox---Group-Bertolini-Liberato/dual_stepper_motor/stepper_motor_ctrl.vhd:37]
	Parameter CLK_FREQ_HZ bound to: 100000000 - type: integer 
	Parameter STEP_FREQ_HZ bound to: 100 - type: integer 
INFO: [Synth 8-3491] module 'stepper_motor_ctrl' declared at 'C:/Users/robin/Documents/GitHub/FPGA-GearBox---Group-Bertolini-Liberato/dual_stepper_motor/stepper_motor_ctrl.vhd:23' bound to instance 'U_MOTOR2' of component 'stepper_motor_ctrl' [C:/Users/robin/Documents/GitHub/FPGA-GearBox---Group-Bertolini-Liberato/dual_stepper_motor/dual_stepper_top.vhd:84]
INFO: [Synth 8-256] done synthesizing module 'dual_stepper_top' (2#1) [C:/Users/robin/Documents/GitHub/FPGA-GearBox---Group-Bertolini-Liberato/dual_stepper_motor/dual_stepper_top.vhd:42]
---------------------------------------------------------------------------------
Finished Synthesize : Time (s): cpu = 00:00:11 ; elapsed = 00:00:10 . Memory (MB): peak = 2421.555 ; gain = 21.336
---------------------------------------------------------------------------------
Copyright 1986-2022 Xilinx, Inc. All Rights Reserved. Copyright 2022-2025 Advanced Micro Devices, Inc. All Rights Reserved.
---------------------------------------------------------------------------------------------------------------------------------------------
| Tool Version : Vivado v.2025.2 (win64) Build 6299465 Fri Nov 14 19:35:11 GMT 2025
| Date         : Thu Mar 26 14:50:23 2026
| Host         : PcBobin running 64-bit major release  (build 9200)
---------------------------------------------------------------------------------------------------------------------------------------------

RTL Linter Report

Table of Contents
-----------------
1. Summary

1. Summary
----------

+---------+----------+--------------+----------+
| Rule ID | Severity | # Violations | # Waived |
+---------+----------+--------------+----------+


INFO: [Synth 37-85] Total of 0 linter message(s) generated.
INFO: [Synth 37-45] Linter Run Finished!
Synthesis Optimization Runtime : Time (s): cpu = 00:00:11 ; elapsed = 00:00:10 . Memory (MB): peak = 2421.555 ; gain = 21.336
INFO: [Common 17-83] Releasing license: Synthesis
11 Infos, 0 Warnings, 0 Critical Warnings and 0 Errors encountered.
synth_design completed successfully
synth_design: Time (s): cpu = 00:00:12 ; elapsed = 00:00:10 . Memory (MB): peak = 2421.555 ; gain = 21.336
reset_run synth_1
INFO: [Project 1-1160] Copying file C:/Users/robin/Documents/GitHub/FPGA-GearBox---Group-Bertolini-Liberato/dual_stepper_motor/VIVADO FILES/project_9.runs/synth_1/dual_stepper_top.dcp to C:/Users/robin/Documents/GitHub/FPGA-GearBox---Group-Bertolini-Liberato/dual_stepper_motor/VIVADO FILES/project_9.srcs/utils_1/imports/synth_1 and adding it to utils fileset
WARNING: [Vivado 12-1017] Problems encountered:
1. Failed to delete one or more files in run directory C:/Users/robin/Documents/GitHub/FPGA-GearBox---Group-Bertolini-Liberato/dual_stepper_motor/VIVADO FILES/project_9.runs/synth_1

launch_runs synth_1 -jobs 20
[Thu Mar 26 14:50:36 2026] Launched synth_1...
Run output will be captured here: C:/Users/robin/Documents/GitHub/FPGA-GearBox---Group-Bertolini-Liberato/dual_stepper_motor/VIVADO FILES/project_9.runs/synth_1/runme.log
synth_design -top dual_stepper_top -part xc7a35tcpg236-1 -lint 
Command: synth_design -top dual_stepper_top -part xc7a35tcpg236-1 -lint
Starting synth_design
Attempting to get a license for feature 'Synthesis' and/or device 'xc7a35t'
INFO: [Common 17-349] Got license for feature 'Synthesis' and/or device 'xc7a35t'
INFO: [Synth 8-7079] Multithreading enabled for synth_design using a maximum of 2 processes.
---------------------------------------------------------------------------------
Starting Synthesize : Time (s): cpu = 00:00:09 ; elapsed = 00:00:07 . Memory (MB): peak = 2581.949 ; gain = 0.000
---------------------------------------------------------------------------------
Clean up Linter database...
INFO: [Synth 8-638] synthesizing module 'dual_stepper_top' [C:/Users/robin/Documents/GitHub/FPGA-GearBox---Group-Bertolini-Liberato/dual_stepper_motor/dual_stepper_top.vhd:42]
	Parameter CLK_FREQ_HZ bound to: 100000000 - type: integer 
	Parameter STEP_FREQ_HZ bound to: 100 - type: integer 
INFO: [Synth 8-3491] module 'stepper_motor_ctrl' declared at 'C:/Users/robin/Documents/GitHub/FPGA-GearBox---Group-Bertolini-Liberato/dual_stepper_motor/stepper_motor_ctrl.vhd:23' bound to instance 'U_MOTOR1' of component 'stepper_motor_ctrl' [C:/Users/robin/Documents/GitHub/FPGA-GearBox---Group-Bertolini-Liberato/dual_stepper_motor/dual_stepper_top.vhd:67]
INFO: [Synth 8-638] synthesizing module 'stepper_motor_ctrl' [C:/Users/robin/Documents/GitHub/FPGA-GearBox---Group-Bertolini-Liberato/dual_stepper_motor/stepper_motor_ctrl.vhd:37]
	Parameter CLK_FREQ_HZ bound to: 100000000 - type: integer 
	Parameter STEP_FREQ_HZ bound to: 100 - type: integer 
INFO: [Synth 8-256] done synthesizing module 'stepper_motor_ctrl' (1#1) [C:/Users/robin/Documents/GitHub/FPGA-GearBox---Group-Bertolini-Liberato/dual_stepper_motor/stepper_motor_ctrl.vhd:37]
	Parameter CLK_FREQ_HZ bound to: 100000000 - type: integer 
	Parameter STEP_FREQ_HZ bound to: 100 - type: integer 
INFO: [Synth 8-3491] module 'stepper_motor_ctrl' declared at 'C:/Users/robin/Documents/GitHub/FPGA-GearBox---Group-Bertolini-Liberato/dual_stepper_motor/stepper_motor_ctrl.vhd:23' bound to instance 'U_MOTOR2' of component 'stepper_motor_ctrl' [C:/Users/robin/Documents/GitHub/FPGA-GearBox---Group-Bertolini-Liberato/dual_stepper_motor/dual_stepper_top.vhd:84]
INFO: [Synth 8-256] done synthesizing module 'dual_stepper_top' (2#1) [C:/Users/robin/Documents/GitHub/FPGA-GearBox---Group-Bertolini-Liberato/dual_stepper_motor/dual_stepper_top.vhd:42]
---------------------------------------------------------------------------------
Finished Synthesize : Time (s): cpu = 00:00:11 ; elapsed = 00:00:10 . Memory (MB): peak = 2581.949 ; gain = 0.000
---------------------------------------------------------------------------------
Copyright 1986-2022 Xilinx, Inc. All Rights Reserved. Copyright 2022-2025 Advanced Micro Devices, Inc. All Rights Reserved.
---------------------------------------------------------------------------------------------------------------------------------------------
| Tool Version : Vivado v.2025.2 (win64) Build 6299465 Fri Nov 14 19:35:11 GMT 2025
| Date         : Thu Mar 26 14:50:53 2026
| Host         : PcBobin running 64-bit major release  (build 9200)
---------------------------------------------------------------------------------------------------------------------------------------------

RTL Linter Report

Table of Contents
-----------------
1. Summary

1. Summary
----------

+---------+----------+--------------+----------+
| Rule ID | Severity | # Violations | # Waived |
+---------+----------+--------------+----------+


INFO: [Synth 37-85] Total of 0 linter message(s) generated.
INFO: [Synth 37-45] Linter Run Finished!
Synthesis Optimization Runtime : Time (s): cpu = 00:00:11 ; elapsed = 00:00:10 . Memory (MB): peak = 2581.949 ; gain = 0.000
INFO: [Common 17-83] Releasing license: Synthesis
11 Infos, 0 Warnings, 0 Critical Warnings and 0 Errors encountered.
synth_design completed successfully
synth_design: Time (s): cpu = 00:00:11 ; elapsed = 00:00:10 . Memory (MB): peak = 2581.949 ; gain = 0.000
launch_runs impl_1 -jobs 20
[Thu Mar 26 15:24:33 2026] Launched impl_1...
Run output will be captured here: C:/Users/robin/Documents/GitHub/FPGA-GearBox---Group-Bertolini-Liberato/dual_stepper_motor/VIVADO FILES/project_9.runs/impl_1/runme.log
open_hw_manager
launch_runs impl_1 -to_step write_bitstream -jobs 20
[Thu Mar 26 15:26:26 2026] Launched impl_1...
Run output will be captured here: C:/Users/robin/Documents/GitHub/FPGA-GearBox---Group-Bertolini-Liberato/dual_stepper_motor/VIVADO FILES/project_9.runs/impl_1/runme.log
open_run impl_1
INFO: [Device 21-403] Loading part xc7a35tcpg236-1
Netlist sorting complete. Time (s): cpu = 00:00:00 ; elapsed = 00:00:00.001 . Memory (MB): peak = 2581.949 ; gain = 0.000
INFO: [Netlist 29-17] Analyzing 10 Unisim elements for replacement
INFO: [Netlist 29-28] Unisim Transformation completed in 0 CPU seconds
INFO: [Project 1-479] Netlist was created with Vivado 2025.2
INFO: [Project 1-570] Preparing netlist for logic optimization
Read ShapeDB Complete: Time (s): cpu = 00:00:00 ; elapsed = 00:00:00.004 . Memory (MB): peak = 2581.949 ; gain = 0.000
INFO: [Timing 38-478] Restoring timing data from binary archive.
INFO: [Timing 38-479] Binary timing data restore complete.
INFO: [Project 1-856] Restoring constraints from binary archive.
INFO: [Project 1-853] Binary constraint restore complete.
INFO: [Designutils 20-5722] Start Reading Physical Databases.
Reading placement.
Read Netlist Cache: Time (s): cpu = 00:00:00 ; elapsed = 00:00:00 . Memory (MB): peak = 3055.656 ; gain = 0.000
Reading placer database...
Read Device Cache: Time (s): cpu = 00:00:00 ; elapsed = 00:00:00.010 . Memory (MB): peak = 3055.656 ; gain = 0.000
Read PlaceDB: Time (s): cpu = 00:00:00 ; elapsed = 00:00:00 . Memory (MB): peak = 3055.656 ; gain = 0.000
Read placeStorage: Time (s): cpu = 00:00:00 ; elapsed = 00:00:00.005 . Memory (MB): peak = 3055.656 ; gain = 0.000
Read PulsedLatchDB: Time (s): cpu = 00:00:00 ; elapsed = 00:00:00 . Memory (MB): peak = 3055.656 ; gain = 0.000
Reading routing.
Read RouteStorage: Time (s): cpu = 00:00:00 ; elapsed = 00:00:00.010 . Memory (MB): peak = 3055.656 ; gain = 0.000
Read Physdb Files: Time (s): cpu = 00:00:00 ; elapsed = 00:00:00.040 . Memory (MB): peak = 3055.656 ; gain = 0.000
Restored from archive | CPU: 0.000000 secs | Memory: 0.000000 MB |
Finished XDEF File Restore: Time (s): cpu = 00:00:00 ; elapsed = 00:00:00.041 . Memory (MB): peak = 3055.656 ; gain = 0.000
Netlist sorting complete. Time (s): cpu = 00:00:00 ; elapsed = 00:00:00.001 . Memory (MB): peak = 3055.656 ; gain = 0.000
INFO: [Project 1-111] Unisim Transformation Summary:
No Unisim elements were transformed.

open_run: Time (s): cpu = 00:00:34 ; elapsed = 00:00:26 . Memory (MB): peak = 3407.707 ; gain = 825.758
connect_hw_server -allow_non_jtag
INFO: [Labtools 27-2285] Connecting to hw_server url TCP:localhost:3121
INFO: [Labtools 27-2222] Launching hw_server...
INFO: [Labtools 27-2221] Launch Output:

****** Xilinx hw_server v2025.2
  **** Build date : Oct 28 2025 at 10:03:13
    ** Copyright 1986-2022 Xilinx, Inc. All Rights Reserved.


INFO: [Labtools 27-3415] Connecting to cs_server url TCP:localhost:0
INFO: [Labtools 27-3417] Launching cs_server...
INFO: [Labtools 27-2221] Launch Output:


******** Xilinx cs_server v2025.2.0
  ****** Build date   : Nov 14 2025-00:16:52
    **** Build number : 2025.2.1763075812
      ** Copyright 2017-2022 Xilinx, Inc. All Rights Reserved.
      ** Copyright 2022-2026 Advanced Micro Devices, Inc. All Rights Reserved.



connect_hw_server: Time (s): cpu = 00:00:01 ; elapsed = 00:00:10 . Memory (MB): peak = 3425.641 ; gain = 6.059
open_hw_target
INFO: [Labtoolstcl 44-466] Opening hw_target localhost:3121/xilinx_tcf/Digilent/210183BA27DBA
set_property PROGRAM.FILE {C:/Users/robin/Documents/GitHub/FPGA-GearBox---Group-Bertolini-Liberato/dual_stepper_motor/VIVADO FILES/project_9.runs/impl_1/dual_stepper_top.bit} [get_hw_devices xc7a35t_0]
current_hw_device [get_hw_devices xc7a35t_0]
refresh_hw_device -update_hw_probes false [lindex [get_hw_devices xc7a35t_0] 0]
INFO: [Labtools 27-1435] Device xc7a35t (JTAG device index = 0) is not programmed (DONE status = 0).
set_property PROBES.FILE {} [get_hw_devices xc7a35t_0]
set_property FULL_PROBES.FILE {} [get_hw_devices xc7a35t_0]
set_property PROGRAM.FILE {C:/Users/robin/Documents/GitHub/FPGA-GearBox---Group-Bertolini-Liberato/dual_stepper_motor/VIVADO FILES/project_9.runs/impl_1/dual_stepper_top.bit} [get_hw_devices xc7a35t_0]
program_hw_devices [get_hw_devices xc7a35t_0]
INFO: [Labtools 27-3164] End of startup status: HIGH
refresh_hw_device [lindex [get_hw_devices xc7a35t_0] 0]
INFO: [Labtools 27-1434] Device xc7a35t (JTAG device index = 0) is programmed with a design that has no supported soft debug core(s) in it.
ERROR: [Labtoolstcl 44-513] HW Target shutdown. Closing target: localhost:3121/xilinx_tcf/Digilent/210183BA27DBA
INFO: [Labtoolstcl 44-466] Opening hw_target localhost:3121/xilinx_tcf/Digilent/210183BA27DBA
INFO: [Labtools 27-1435] Device xc7a35t (JTAG device index = 0) is not programmed (DONE status = 0).
WARNING: [Labtoolstcl 44-129] No matching hw_ila_data was found.
ERROR: [Labtoolstcl 44-513] HW Target shutdown. Closing target: localhost:3121/xilinx_tcf/Digilent/210183BA27DBA
INFO: [Labtoolstcl 44-466] Opening hw_target localhost:3121/xilinx_tcf/Digilent/210183BA27DBA
INFO: [Labtools 27-1435] Device xc7a35t (JTAG device index = 0) is not programmed (DONE status = 0).
WARNING: [Labtoolstcl 44-129] No matching hw_ila_data was found.
ERROR: [Labtoolstcl 44-513] HW Target shutdown. Closing target: localhost:3121/xilinx_tcf/Digilent/210183BA27DBA
INFO: [Labtoolstcl 44-466] Opening hw_target localhost:3121/xilinx_tcf/Digilent/210183BA27DBA
INFO: [Labtools 27-1435] Device xc7a35t (JTAG device index = 0) is not programmed (DONE status = 0).
WARNING: [Labtoolstcl 44-129] No matching hw_ila_data was found.
set_property PROBES.FILE {} [get_hw_devices xc7a35t_0]
set_property FULL_PROBES.FILE {} [get_hw_devices xc7a35t_0]
set_property PROGRAM.FILE {C:/Users/robin/Documents/GitHub/FPGA-GearBox---Group-Bertolini-Liberato/dual_stepper_motor/VIVADO FILES/project_9.runs/impl_1/dual_stepper_top.bit} [get_hw_devices xc7a35t_0]
program_hw_devices [get_hw_devices xc7a35t_0]
INFO: [Labtools 27-3164] End of startup status: HIGH
refresh_hw_device [lindex [get_hw_devices xc7a35t_0] 0]
INFO: [Labtools 27-1434] Device xc7a35t (JTAG device index = 0) is programmed with a design that has no supported soft debug core(s) in it.
ERROR: [Labtoolstcl 44-513] HW Target shutdown. Closing target: localhost:3121/xilinx_tcf/Digilent/210183BA27DBA
INFO: [Labtoolstcl 44-466] Opening hw_target localhost:3121/xilinx_tcf/Digilent/210183BA27DBA
INFO: [Labtools 27-1435] Device xc7a35t (JTAG device index = 0) is not programmed (DONE status = 0).
WARNING: [Labtoolstcl 44-129] No matching hw_ila_data was found.
set_property PROBES.FILE {} [get_hw_devices xc7a35t_0]
set_property FULL_PROBES.FILE {} [get_hw_devices xc7a35t_0]
set_property PROGRAM.FILE {C:/Users/robin/Documents/GitHub/FPGA-GearBox---Group-Bertolini-Liberato/dual_stepper_motor/VIVADO FILES/project_9.runs/impl_1/dual_stepper_top.bit} [get_hw_devices xc7a35t_0]
program_hw_devices [get_hw_devices xc7a35t_0]
INFO: [Labtools 27-3164] End of startup status: HIGH
refresh_hw_device [lindex [get_hw_devices xc7a35t_0] 0]
INFO: [Labtools 27-1434] Device xc7a35t (JTAG device index = 0) is programmed with a design that has no supported soft debug core(s) in it.
set_property PROBES.FILE {} [get_hw_devices xc7a35t_0]
set_property FULL_PROBES.FILE {} [get_hw_devices xc7a35t_0]
set_property PROGRAM.FILE {C:/Users/robin/Documents/GitHub/FPGA-GearBox---Group-Bertolini-Liberato/dual_stepper_motor/VIVADO FILES/project_9.runs/impl_1/dual_stepper_top.bit} [get_hw_devices xc7a35t_0]
program_hw_devices [get_hw_devices xc7a35t_0]
INFO: [Labtools 27-3164] End of startup status: HIGH
refresh_hw_device [lindex [get_hw_devices xc7a35t_0] 0]
INFO: [Labtools 27-1434] Device xc7a35t (JTAG device index = 0) is programmed with a design that has no supported soft debug core(s) in it.
set_property PROBES.FILE {} [get_hw_devices xc7a35t_0]
set_property FULL_PROBES.FILE {} [get_hw_devices xc7a35t_0]
set_property PROGRAM.FILE {C:/Users/robin/Documents/GitHub/FPGA-GearBox---Group-Bertolini-Liberato/dual_stepper_motor/VIVADO FILES/project_9.runs/impl_1/dual_stepper_top.bit} [get_hw_devices xc7a35t_0]
program_hw_devices [get_hw_devices xc7a35t_0]
INFO: [Labtools 27-3164] End of startup status: HIGH
refresh_hw_device [lindex [get_hw_devices xc7a35t_0] 0]
INFO: [Labtools 27-1434] Device xc7a35t (JTAG device index = 0) is programmed with a design that has no supported soft debug core(s) in it.
close_sim
INFO: [Simtcl 6-16] Simulation closed
launch_simulation
Command: launch_simulation 
INFO: [Vivado 12-25911] Executing simulation for 'XSim' simulator
INFO: [Vivado 12-28535] Process started - Thu Mar 26 15:43:22 2026

INFO: [Vivado 12-12493] Simulation top is 'tb_dual_stepper'
INFO: [Vivado 12-5682] Launching behavioral simulation in 'C:/Users/robin/Documents/GitHub/FPGA-GearBox---Group-Bertolini-Liberato/dual_stepper_motor/VIVADO FILES/project_9.sim/sim_1/behav/xsim'
INFO: [SIM-utils-51] Simulation object is 'sim_1'
INFO: [SIM-utils-72] Using boost library from 'C:/AMDDesignTools/2025.2/Vivado/tps/boost_1_72_0'
INFO: [SIM-utils-54] Inspecting design source files for 'tb_dual_stepper' in fileset 'sim_1'...
INFO: [USF-XSim-97] Finding global include files...
INFO: [USF-XSim-98] Fetching design files from 'sim_1'...
INFO: [USF-XSim-2] XSim::Compile design
INFO: [USF-XSim-61] Executing 'COMPILE and ANALYZE' step in 'C:/Users/robin/Documents/GitHub/FPGA-GearBox---Group-Bertolini-Liberato/dual_stepper_motor/VIVADO FILES/project_9.sim/sim_1/behav/xsim'
"xvhdl --incr --relax -prj tb_dual_stepper_vhdl.prj"
INFO: [VRFC 10-163] Analyzing VHDL file "C:/Users/robin/Documents/GitHub/FPGA-GearBox---Group-Bertolini-Liberato/dual_stepper_motor/dual_stepper_top.vhd" into library xil_defaultlib
INFO: [VRFC 10-3107] analyzing entity 'dual_stepper_top'
INFO: [VRFC 10-163] Analyzing VHDL file "C:/Users/robin/Documents/GitHub/FPGA-GearBox---Group-Bertolini-Liberato/dual_stepper_motor/tb_dual_stepper.vhd" into library xil_defaultlib
INFO: [VRFC 10-3107] analyzing entity 'tb_dual_stepper'
INFO: [USF-XSim-69] 'compile' step finished in '3' seconds
INFO: [USF-XSim-3] XSim::Elaborate design
INFO: [USF-XSim-61] Executing 'ELABORATE' step in 'C:/Users/robin/Documents/GitHub/FPGA-GearBox---Group-Bertolini-Liberato/dual_stepper_motor/VIVADO FILES/project_9.sim/sim_1/behav/xsim'
"xelab --incr --debug typical --relax --mt 2 -L xil_defaultlib -L secureip --snapshot tb_dual_stepper_behav xil_defaultlib.tb_dual_stepper -log elaborate.log"
Vivado Simulator v2025.2
Copyright 1986-2022 Xilinx, Inc. All Rights Reserved.
Copyright 2022-2025 Advanced Micro Devices, Inc. All Rights Reserved.
Running: C:/AMDDesignTools/2025.2/Vivado/bin/unwrapped/win64.o/xelab.exe --incr --debug typical --relax --mt 2 -L xil_defaultlib -L secureip --snapshot tb_dual_stepper_behav xil_defaultlib.tb_dual_stepper -log elaborate.log 
Using 2 slave threads.
Starting static elaboration
Completed static elaboration
Starting simulation data flow analysis
Completed simulation data flow analysis
Time Resolution for simulation is 1ps
Compiling package std.standard
Compiling package std.textio
Compiling package ieee.std_logic_1164
Compiling package ieee.numeric_std
Compiling architecture rtl of entity xil_defaultlib.stepper_motor_ctrl [\stepper_motor_ctrl(clk_freq_hz=...]
Compiling architecture structural of entity xil_defaultlib.dual_stepper_top [\dual_stepper_top(clk_freq_hz=10...]
Compiling architecture sim of entity xil_defaultlib.tb_dual_stepper
Built simulation snapshot tb_dual_stepper_behav
run_program: Time (s): cpu = 00:00:02 ; elapsed = 00:00:08 . Memory (MB): peak = 3505.137 ; gain = 0.000
INFO: [USF-XSim-69] 'elaborate' step finished in '8' seconds
INFO: [USF-XSim-4] XSim::Simulate design
INFO: [USF-XSim-61] Executing 'SIMULATE' step in 'C:/Users/robin/Documents/GitHub/FPGA-GearBox---Group-Bertolini-Liberato/dual_stepper_motor/VIVADO FILES/project_9.sim/sim_1/behav/xsim'
INFO: [USF-XSim-98] *** Running xsim
   with args "tb_dual_stepper_behav -key {Behavioral:sim_1:Functional:tb_dual_stepper} -tclbatch {tb_dual_stepper.tcl} -log {simulate.log}"
INFO: [USF-XSim-8] Loading simulator feature
Time resolution is 1 ps
source tb_dual_stepper.tcl
# set curr_wave [current_wave_config]
# if { [string length $curr_wave] == 0 } {
#   if { [llength [get_objects]] > 0} {
#     add_wave /
#     set_property needs_save false [current_wave_config]
#   } else {
#      send_msg_id Add_Wave-1 WARNING "No top level signals found. Simulator will start without a wave window. If you want to open a wave window go to 'File->New Waveform Configuration' or type 'create_wave_config' in the TCL console."
#   }
# }
# run 1000ns
Note: === TC1: Reset check ===
Time: 0 ps  Iteration: 0  Process: /tb_dual_stepper/p_stim  File: C:/Users/robin/Documents/GitHub/FPGA-GearBox---Group-Bertolini-Liberato/dual_stepper_motor/tb_dual_stepper.vhd
INFO: [USF-XSim-96] XSim completed. Design snapshot 'tb_dual_stepper_behav' loaded.
INFO: [USF-XSim-97] XSim simulation ran for 1000ns
launch_simulation: Time (s): cpu = 00:00:07 ; elapsed = 00:00:16 . Memory (MB): peak = 3554.977 ; gain = 49.840
synth_design -top dual_stepper_top -part xc7a35tcpg236-1 -lint 
Command: synth_design -top dual_stepper_top -part xc7a35tcpg236-1 -lint
Starting synth_design
Attempting to get a license for feature 'Synthesis' and/or device 'xc7a35t'
INFO: [Common 17-349] Got license for feature 'Synthesis' and/or device 'xc7a35t'
INFO: [Synth 8-7079] Multithreading enabled for synth_design using a maximum of 2 processes.
---------------------------------------------------------------------------------
Starting Synthesize : Time (s): cpu = 00:00:09 ; elapsed = 00:00:08 . Memory (MB): peak = 3681.875 ; gain = 126.898
---------------------------------------------------------------------------------
Clean up Linter database...
INFO: [Synth 8-638] synthesizing module 'dual_stepper_top' [C:/Users/robin/Documents/GitHub/FPGA-GearBox---Group-Bertolini-Liberato/dual_stepper_motor/dual_stepper_top.vhd:42]
	Parameter CLK_FREQ_HZ bound to: 300000000 - type: integer 
	Parameter STEP_FREQ_HZ bound to: 100 - type: integer 
INFO: [Synth 8-3491] module 'stepper_motor_ctrl' declared at 'C:/Users/robin/Documents/GitHub/FPGA-GearBox---Group-Bertolini-Liberato/dual_stepper_motor/stepper_motor_ctrl.vhd:23' bound to instance 'U_MOTOR1' of component 'stepper_motor_ctrl' [C:/Users/robin/Documents/GitHub/FPGA-GearBox---Group-Bertolini-Liberato/dual_stepper_motor/dual_stepper_top.vhd:67]
INFO: [Synth 8-638] synthesizing module 'stepper_motor_ctrl' [C:/Users/robin/Documents/GitHub/FPGA-GearBox---Group-Bertolini-Liberato/dual_stepper_motor/stepper_motor_ctrl.vhd:37]
	Parameter CLK_FREQ_HZ bound to: 300000000 - type: integer 
	Parameter STEP_FREQ_HZ bound to: 100 - type: integer 
INFO: [Synth 8-256] done synthesizing module 'stepper_motor_ctrl' (1#1) [C:/Users/robin/Documents/GitHub/FPGA-GearBox---Group-Bertolini-Liberato/dual_stepper_motor/stepper_motor_ctrl.vhd:37]
	Parameter CLK_FREQ_HZ bound to: 300000000 - type: integer 
	Parameter STEP_FREQ_HZ bound to: 100 - type: integer 
INFO: [Synth 8-3491] module 'stepper_motor_ctrl' declared at 'C:/Users/robin/Documents/GitHub/FPGA-GearBox---Group-Bertolini-Liberato/dual_stepper_motor/stepper_motor_ctrl.vhd:23' bound to instance 'U_MOTOR2' of component 'stepper_motor_ctrl' [C:/Users/robin/Documents/GitHub/FPGA-GearBox---Group-Bertolini-Liberato/dual_stepper_motor/dual_stepper_top.vhd:84]
INFO: [Synth 8-256] done synthesizing module 'dual_stepper_top' (2#1) [C:/Users/robin/Documents/GitHub/FPGA-GearBox---Group-Bertolini-Liberato/dual_stepper_motor/dual_stepper_top.vhd:42]
---------------------------------------------------------------------------------
Finished Synthesize : Time (s): cpu = 00:00:11 ; elapsed = 00:00:11 . Memory (MB): peak = 3775.902 ; gain = 220.926
---------------------------------------------------------------------------------
Copyright 1986-2022 Xilinx, Inc. All Rights Reserved. Copyright 2022-2025 Advanced Micro Devices, Inc. All Rights Reserved.
---------------------------------------------------------------------------------------------------------------------------------------------
| Tool Version : Vivado v.2025.2 (win64) Build 6299465 Fri Nov 14 19:35:11 GMT 2025
| Date         : Thu Mar 26 15:43:54 2026
| Host         : PcBobin running 64-bit major release  (build 9200)
---------------------------------------------------------------------------------------------------------------------------------------------

RTL Linter Report

Table of Contents
-----------------
1. Summary

1. Summary
----------

+---------+----------+--------------+----------+
| Rule ID | Severity | # Violations | # Waived |
+---------+----------+--------------+----------+


INFO: [Synth 37-85] Total of 0 linter message(s) generated.
INFO: [Synth 37-45] Linter Run Finished!
Synthesis Optimization Runtime : Time (s): cpu = 00:00:11 ; elapsed = 00:00:11 . Memory (MB): peak = 3793.719 ; gain = 238.742
INFO: [Common 17-83] Releasing license: Synthesis
11 Infos, 0 Warnings, 0 Critical Warnings and 0 Errors encountered.
synth_design completed successfully
synth_design: Time (s): cpu = 00:00:11 ; elapsed = 00:00:11 . Memory (MB): peak = 3793.719 ; gain = 238.742
reset_run synth_1
INFO: [Project 1-1161] Replacing file C:/Users/robin/Documents/GitHub/FPGA-GearBox---Group-Bertolini-Liberato/dual_stepper_motor/VIVADO FILES/project_9.srcs/utils_1/imports/synth_1/dual_stepper_top.dcp with file C:/Users/robin/Documents/GitHub/FPGA-GearBox---Group-Bertolini-Liberato/dual_stepper_motor/VIVADO FILES/project_9.runs/synth_1/dual_stepper_top.dcp
WARNING: [Vivado 12-1017] Problems encountered:
1. Failed to delete one or more files in run directory C:/Users/robin/Documents/GitHub/FPGA-GearBox---Group-Bertolini-Liberato/dual_stepper_motor/VIVADO FILES/project_9.runs/synth_1

WARNING: [filemgmt 56-199] Attempt to get parsing info during refresh. "On-the-fly" syntax checking information may be incorrect. [C:\Users\robin\Documents\GitHub\FPGA-GearBox---Group-Bertolini-Liberato\dual_stepper_motor\dual_stepper_top.vhd:]
WARNING: [filemgmt 56-199] Attempt to get parsing info during refresh. "On-the-fly" syntax checking information may be incorrect. [C:\Users\robin\Documents\GitHub\FPGA-GearBox---Group-Bertolini-Liberato\dual_stepper_motor\stepper_motor_ctrl.vhd:]
WARNING: [filemgmt 56-199] Attempt to get parsing info during refresh. "On-the-fly" syntax checking information may be incorrect. [C:\Users\robin\Documents\GitHub\FPGA-GearBox---Group-Bertolini-Liberato\dual_stepper_motor\dual_stepper_top.vhd:]
WARNING: [filemgmt 56-199] Attempt to get parsing info during refresh. "On-the-fly" syntax checking information may be incorrect. [C:\Users\robin\Documents\GitHub\FPGA-GearBox---Group-Bertolini-Liberato\dual_stepper_motor\dual_stepper_top.vhd:]
launch_runs synth_1 -jobs 20
[Thu Mar 26 15:44:07 2026] Launched synth_1...
Run output will be captured here: C:/Users/robin/Documents/GitHub/FPGA-GearBox---Group-Bertolini-Liberato/dual_stepper_motor/VIVADO FILES/project_9.runs/synth_1/runme.log
launch_runs impl_1 -jobs 20
[Thu Mar 26 15:45:34 2026] Launched impl_1...
Run output will be captured here: C:/Users/robin/Documents/GitHub/FPGA-GearBox---Group-Bertolini-Liberato/dual_stepper_motor/VIVADO FILES/project_9.runs/impl_1/runme.log
launch_runs impl_1 -to_step write_bitstream -jobs 20
[Thu Mar 26 15:47:05 2026] Launched impl_1...
Run output will be captured here: C:/Users/robin/Documents/GitHub/FPGA-GearBox---Group-Bertolini-Liberato/dual_stepper_motor/VIVADO FILES/project_9.runs/impl_1/runme.log
set_property PROBES.FILE {} [get_hw_devices xc7a35t_0]
set_property FULL_PROBES.FILE {} [get_hw_devices xc7a35t_0]
set_property PROGRAM.FILE {C:/Users/robin/Documents/GitHub/FPGA-GearBox---Group-Bertolini-Liberato/dual_stepper_motor/VIVADO FILES/project_9.runs/impl_1/dual_stepper_top.bit} [get_hw_devices xc7a35t_0]
program_hw_devices [get_hw_devices xc7a35t_0]
INFO: [Labtools 27-3164] End of startup status: HIGH
refresh_hw_device [lindex [get_hw_devices xc7a35t_0] 0]
INFO: [Labtools 27-1434] Device xc7a35t (JTAG device index = 0) is programmed with a design that has no supported soft debug core(s) in it.
close_sim
INFO: [Simtcl 6-16] Simulation closed
launch_simulation
Command: launch_simulation 
INFO: [Vivado 12-25911] Executing simulation for 'XSim' simulator
INFO: [Vivado 12-28535] Process started - Thu Mar 26 15:49:53 2026

INFO: [Vivado 12-12493] Simulation top is 'tb_dual_stepper'
INFO: [Vivado 12-5682] Launching behavioral simulation in 'C:/Users/robin/Documents/GitHub/FPGA-GearBox---Group-Bertolini-Liberato/dual_stepper_motor/VIVADO FILES/project_9.sim/sim_1/behav/xsim'
INFO: [SIM-utils-51] Simulation object is 'sim_1'
INFO: [SIM-utils-72] Using boost library from 'C:/AMDDesignTools/2025.2/Vivado/tps/boost_1_72_0'
INFO: [SIM-utils-54] Inspecting design source files for 'tb_dual_stepper' in fileset 'sim_1'...
INFO: [USF-XSim-97] Finding global include files...
INFO: [USF-XSim-98] Fetching design files from 'sim_1'...
INFO: [USF-XSim-2] XSim::Compile design
INFO: [USF-XSim-61] Executing 'COMPILE and ANALYZE' step in 'C:/Users/robin/Documents/GitHub/FPGA-GearBox---Group-Bertolini-Liberato/dual_stepper_motor/VIVADO FILES/project_9.sim/sim_1/behav/xsim'
"xvhdl --incr --relax -prj tb_dual_stepper_vhdl.prj"
INFO: [VRFC 10-163] Analyzing VHDL file "C:/Users/robin/Documents/GitHub/FPGA-GearBox---Group-Bertolini-Liberato/dual_stepper_motor/dual_stepper_top.vhd" into library xil_defaultlib
INFO: [VRFC 10-3107] analyzing entity 'dual_stepper_top'
INFO: [VRFC 10-163] Analyzing VHDL file "C:/Users/robin/Documents/GitHub/FPGA-GearBox---Group-Bertolini-Liberato/dual_stepper_motor/tb_dual_stepper.vhd" into library xil_defaultlib
INFO: [VRFC 10-3107] analyzing entity 'tb_dual_stepper'
INFO: [USF-XSim-69] 'compile' step finished in '2' seconds
INFO: [USF-XSim-3] XSim::Elaborate design
INFO: [USF-XSim-61] Executing 'ELABORATE' step in 'C:/Users/robin/Documents/GitHub/FPGA-GearBox---Group-Bertolini-Liberato/dual_stepper_motor/VIVADO FILES/project_9.sim/sim_1/behav/xsim'
"xelab --incr --debug typical --relax --mt 2 -L xil_defaultlib -L secureip --snapshot tb_dual_stepper_behav xil_defaultlib.tb_dual_stepper -log elaborate.log"
Vivado Simulator v2025.2
Copyright 1986-2022 Xilinx, Inc. All Rights Reserved.
Copyright 2022-2025 Advanced Micro Devices, Inc. All Rights Reserved.
Running: C:/AMDDesignTools/2025.2/Vivado/bin/unwrapped/win64.o/xelab.exe --incr --debug typical --relax --mt 2 -L xil_defaultlib -L secureip --snapshot tb_dual_stepper_behav xil_defaultlib.tb_dual_stepper -log elaborate.log 
Using 2 slave threads.
Starting static elaboration
Completed static elaboration
Starting simulation data flow analysis
Completed simulation data flow analysis
Time Resolution for simulation is 1ps
Compiling package std.standard
Compiling package std.textio
Compiling package ieee.std_logic_1164
Compiling package ieee.numeric_std
Compiling architecture rtl of entity xil_defaultlib.stepper_motor_ctrl [\stepper_motor_ctrl(clk_freq_hz=...]
Compiling architecture structural of entity xil_defaultlib.dual_stepper_top [\dual_stepper_top(clk_freq_hz=10...]
Compiling architecture sim of entity xil_defaultlib.tb_dual_stepper
Built simulation snapshot tb_dual_stepper_behav
INFO: [USF-XSim-69] 'elaborate' step finished in '3' seconds
INFO: [USF-XSim-4] XSim::Simulate design
INFO: [USF-XSim-61] Executing 'SIMULATE' step in 'C:/Users/robin/Documents/GitHub/FPGA-GearBox---Group-Bertolini-Liberato/dual_stepper_motor/VIVADO FILES/project_9.sim/sim_1/behav/xsim'
INFO: [USF-XSim-98] *** Running xsim
   with args "tb_dual_stepper_behav -key {Behavioral:sim_1:Functional:tb_dual_stepper} -tclbatch {tb_dual_stepper.tcl} -log {simulate.log}"
INFO: [USF-XSim-8] Loading simulator feature
Time resolution is 1 ps
source tb_dual_stepper.tcl
# set curr_wave [current_wave_config]
# if { [string length $curr_wave] == 0 } {
#   if { [llength [get_objects]] > 0} {
#     add_wave /
#     set_property needs_save false [current_wave_config]
#   } else {
#      send_msg_id Add_Wave-1 WARNING "No top level signals found. Simulator will start without a wave window. If you want to open a wave window go to 'File->New Waveform Configuration' or type 'create_wave_config' in the TCL console."
#   }
# }
# run 1000ns
Note: === TC1: Reset check ===
Time: 0 ps  Iteration: 0  Process: /tb_dual_stepper/p_stim  File: C:/Users/robin/Documents/GitHub/FPGA-GearBox---Group-Bertolini-Liberato/dual_stepper_motor/tb_dual_stepper.vhd
INFO: [USF-XSim-96] XSim completed. Design snapshot 'tb_dual_stepper_behav' loaded.
INFO: [USF-XSim-97] XSim simulation ran for 1000ns
launch_simulation: Time (s): cpu = 00:00:05 ; elapsed = 00:00:10 . Memory (MB): peak = 4286.598 ; gain = 0.000
ERROR: [Labtoolstcl 44-513] HW Target shutdown. Closing target: localhost:3121/xilinx_tcf/Digilent/210183BA27DBA
INFO: [Labtoolstcl 44-466] Opening hw_target localhost:3121/xilinx_tcf/Digilent/210183BA27DBA
INFO: [Labtools 27-1435] Device xc7a35t (JTAG device index = 0) is not programmed (DONE status = 0).
WARNING: [Labtoolstcl 44-129] No matching hw_ila_data was found.
synth_design -top dual_stepper_top -part xc7a35tcpg236-1 -lint 
Command: synth_design -top dual_stepper_top -part xc7a35tcpg236-1 -lint
Starting synth_design
Attempting to get a license for feature 'Synthesis' and/or device 'xc7a35t'
INFO: [Common 17-349] Got license for feature 'Synthesis' and/or device 'xc7a35t'
INFO: [Synth 8-7079] Multithreading enabled for synth_design using a maximum of 2 processes.
---------------------------------------------------------------------------------
Starting Synthesize : Time (s): cpu = 00:00:09 ; elapsed = 00:00:08 . Memory (MB): peak = 4286.598 ; gain = 0.000
---------------------------------------------------------------------------------
Clean up Linter database...
INFO: [Synth 8-638] synthesizing module 'dual_stepper_top' [C:/Users/robin/Documents/GitHub/FPGA-GearBox---Group-Bertolini-Liberato/dual_stepper_motor/dual_stepper_top.vhd:42]
	Parameter CLK_FREQ_HZ bound to: 100000000 - type: integer 
	Parameter STEP_FREQ_HZ bound to: 1000 - type: integer 
INFO: [Synth 8-3491] module 'stepper_motor_ctrl' declared at 'C:/Users/robin/Documents/GitHub/FPGA-GearBox---Group-Bertolini-Liberato/dual_stepper_motor/stepper_motor_ctrl.vhd:23' bound to instance 'U_MOTOR1' of component 'stepper_motor_ctrl' [C:/Users/robin/Documents/GitHub/FPGA-GearBox---Group-Bertolini-Liberato/dual_stepper_motor/dual_stepper_top.vhd:67]
INFO: [Synth 8-638] synthesizing module 'stepper_motor_ctrl' [C:/Users/robin/Documents/GitHub/FPGA-GearBox---Group-Bertolini-Liberato/dual_stepper_motor/stepper_motor_ctrl.vhd:37]
	Parameter CLK_FREQ_HZ bound to: 100000000 - type: integer 
	Parameter STEP_FREQ_HZ bound to: 1000 - type: integer 
INFO: [Synth 8-256] done synthesizing module 'stepper_motor_ctrl' (1#1) [C:/Users/robin/Documents/GitHub/FPGA-GearBox---Group-Bertolini-Liberato/dual_stepper_motor/stepper_motor_ctrl.vhd:37]
	Parameter CLK_FREQ_HZ bound to: 100000000 - type: integer 
	Parameter STEP_FREQ_HZ bound to: 1000 - type: integer 
INFO: [Synth 8-3491] module 'stepper_motor_ctrl' declared at 'C:/Users/robin/Documents/GitHub/FPGA-GearBox---Group-Bertolini-Liberato/dual_stepper_motor/stepper_motor_ctrl.vhd:23' bound to instance 'U_MOTOR2' of component 'stepper_motor_ctrl' [C:/Users/robin/Documents/GitHub/FPGA-GearBox---Group-Bertolini-Liberato/dual_stepper_motor/dual_stepper_top.vhd:84]
INFO: [Synth 8-256] done synthesizing module 'dual_stepper_top' (2#1) [C:/Users/robin/Documents/GitHub/FPGA-GearBox---Group-Bertolini-Liberato/dual_stepper_motor/dual_stepper_top.vhd:42]
---------------------------------------------------------------------------------
Finished Synthesize : Time (s): cpu = 00:00:11 ; elapsed = 00:00:10 . Memory (MB): peak = 4286.598 ; gain = 0.000
---------------------------------------------------------------------------------
Copyright 1986-2022 Xilinx, Inc. All Rights Reserved. Copyright 2022-2025 Advanced Micro Devices, Inc. All Rights Reserved.
---------------------------------------------------------------------------------------------------------------------------------------------
| Tool Version : Vivado v.2025.2 (win64) Build 6299465 Fri Nov 14 19:35:11 GMT 2025
| Date         : Thu Mar 26 15:50:31 2026
| Host         : PcBobin running 64-bit major release  (build 9200)
---------------------------------------------------------------------------------------------------------------------------------------------

RTL Linter Report

Table of Contents
-----------------
1. Summary

1. Summary
----------

+---------+----------+--------------+----------+
| Rule ID | Severity | # Violations | # Waived |
+---------+----------+--------------+----------+


INFO: [Synth 37-85] Total of 0 linter message(s) generated.
INFO: [Synth 37-45] Linter Run Finished!
Synthesis Optimization Runtime : Time (s): cpu = 00:00:11 ; elapsed = 00:00:10 . Memory (MB): peak = 4286.598 ; gain = 0.000
INFO: [Common 17-83] Releasing license: Synthesis
11 Infos, 0 Warnings, 0 Critical Warnings and 0 Errors encountered.
synth_design completed successfully
synth_design: Time (s): cpu = 00:00:12 ; elapsed = 00:00:10 . Memory (MB): peak = 4286.598 ; gain = 0.000
reset_run synth_1
INFO: [Project 1-1161] Replacing file C:/Users/robin/Documents/GitHub/FPGA-GearBox---Group-Bertolini-Liberato/dual_stepper_motor/VIVADO FILES/project_9.srcs/utils_1/imports/synth_1/dual_stepper_top.dcp with file C:/Users/robin/Documents/GitHub/FPGA-GearBox---Group-Bertolini-Liberato/dual_stepper_motor/VIVADO FILES/project_9.runs/synth_1/dual_stepper_top.dcp
WARNING: [Vivado 12-1017] Problems encountered:
1. Failed to delete one or more files in run directory C:/Users/robin/Documents/GitHub/FPGA-GearBox---Group-Bertolini-Liberato/dual_stepper_motor/VIVADO FILES/project_9.runs/synth_1

WARNING: [filemgmt 56-199] Attempt to get parsing info during refresh. "On-the-fly" syntax checking information may be incorrect. [C:\Users\robin\Documents\GitHub\FPGA-GearBox---Group-Bertolini-Liberato\dual_stepper_motor\dual_stepper_top.vhd:]
WARNING: [filemgmt 56-199] Attempt to get parsing info during refresh. "On-the-fly" syntax checking information may be incorrect. [C:\Users\robin\Documents\GitHub\FPGA-GearBox---Group-Bertolini-Liberato\dual_stepper_motor\stepper_motor_ctrl.vhd:]
WARNING: [filemgmt 56-199] Attempt to get parsing info during refresh. "On-the-fly" syntax checking information may be incorrect. [C:\Users\robin\Documents\GitHub\FPGA-GearBox---Group-Bertolini-Liberato\dual_stepper_motor\stepper_motor_ctrl.vhd:]
WARNING: [filemgmt 56-199] Attempt to get parsing info during refresh. "On-the-fly" syntax checking information may be incorrect. [C:\Users\robin\Documents\GitHub\FPGA-GearBox---Group-Bertolini-Liberato\dual_stepper_motor\stepper_motor_ctrl.vhd:]
launch_runs synth_1 -jobs 20
[Thu Mar 26 15:50:38 2026] Launched synth_1...
Run output will be captured here: C:/Users/robin/Documents/GitHub/FPGA-GearBox---Group-Bertolini-Liberato/dual_stepper_motor/VIVADO FILES/project_9.runs/synth_1/runme.log
launch_runs impl_1 -jobs 20
[Thu Mar 26 15:51:53 2026] Launched impl_1...
Run output will be captured here: C:/Users/robin/Documents/GitHub/FPGA-GearBox---Group-Bertolini-Liberato/dual_stepper_motor/VIVADO FILES/project_9.runs/impl_1/runme.log
ERROR: [Labtoolstcl 44-513] HW Target shutdown. Closing target: localhost:3121/xilinx_tcf/Digilent/210183BA27DBA
INFO: [Labtoolstcl 44-466] Opening hw_target localhost:3121/xilinx_tcf/Digilent/210183BA27DBA
INFO: [Labtools 27-1435] Device xc7a35t (JTAG device index = 0) is not programmed (DONE status = 0).
WARNING: [Labtoolstcl 44-129] No matching hw_ila_data was found.
launch_runs impl_1 -to_step write_bitstream -jobs 20
[Thu Mar 26 15:53:28 2026] Launched impl_1...
Run output will be captured here: C:/Users/robin/Documents/GitHub/FPGA-GearBox---Group-Bertolini-Liberato/dual_stepper_motor/VIVADO FILES/project_9.runs/impl_1/runme.log
set_property PROBES.FILE {} [get_hw_devices xc7a35t_0]
set_property FULL_PROBES.FILE {} [get_hw_devices xc7a35t_0]
set_property PROGRAM.FILE {C:/Users/robin/Documents/GitHub/FPGA-GearBox---Group-Bertolini-Liberato/dual_stepper_motor/VIVADO FILES/project_9.runs/impl_1/dual_stepper_top.bit} [get_hw_devices xc7a35t_0]
program_hw_devices [get_hw_devices xc7a35t_0]
INFO: [Labtools 27-3164] End of startup status: HIGH
refresh_hw_device [lindex [get_hw_devices xc7a35t_0] 0]
INFO: [Labtools 27-1434] Device xc7a35t (JTAG device index = 0) is programmed with a design that has no supported soft debug core(s) in it.
ERROR: [Labtoolstcl 44-513] HW Target shutdown. Closing target: localhost:3121/xilinx_tcf/Digilent/210183BA27DBA
close_sim
INFO: [Simtcl 6-16] Simulation closed
exit
INFO: [Common 17-206] Exiting Vivado at Thu Mar 26 16:00:14 2026...
