
*** Running vivado
    with args -log dual_stepper_top.vds -m64 -product Vivado -mode batch -messageDb vivado.pb -notrace -source dual_stepper_top.tcl



****** Vivado v2025.2 (64-bit)
  **** SW Build 6299465 on Fri Nov 14 19:35:11 GMT 2025
  **** IP Build 6300035 on Fri Nov 14 10:48:45 MST 2025
  **** SharedData Build 6298862 on Thu Nov 13 04:50:51 MST 2025
  **** Start of session at: Wed Mar 25 22:20:15 2026
    ** Copyright 1986-2022 Xilinx, Inc. All Rights Reserved.
    ** Copyright 2022-2025 Advanced Micro Devices, Inc. All Rights Reserved.

source dual_stepper_top.tcl -notrace
create_project: Time (s): cpu = 00:00:26 ; elapsed = 00:00:17 . Memory (MB): peak = 594.508 ; gain = 220.402

*** Running vivado
    with args -log dual_stepper_top.vds -m64 -product Vivado -mode batch -messageDb vivado.pb -notrace -source dual_stepper_top.tcl



****** Vivado v2025.2 (64-bit)
  **** SW Build 6299465 on Fri Nov 14 19:35:11 GMT 2025
  **** IP Build 6300035 on Fri Nov 14 10:48:45 MST 2025
  **** SharedData Build 6298862 on Thu Nov 13 04:50:51 MST 2025
  **** Start of session at: Wed Mar 25 22:21:00 2026
    ** Copyright 1986-2022 Xilinx, Inc. All Rights Reserved.
    ** Copyright 2022-2025 Advanced Micro Devices, Inc. All Rights Reserved.

source dual_stepper_top.tcl -notrace
create_project: Time (s): cpu = 00:00:42 ; elapsed = 00:00:34 . Memory (MB): peak = 595.008 ; gain = 219.754
Command: synth_design -top dual_stepper_top -part xc7a35tcpg236-1
Starting synth_design
Attempting to get a license for feature 'Synthesis' and/or device 'xc7a35t'
INFO: [Common 17-349] Got license for feature 'Synthesis' and/or device 'xc7a35t'
INFO: [Device 21-403] Loading part xc7a35tcpg236-1
INFO: [Synth 8-7079] Multithreading enabled for synth_design using a maximum of 2 processes.
INFO: [Synth 8-7078] Launching helper process for spawning children vivado processes
INFO: [Synth 8-7075] Helper process launched with PID 30944
---------------------------------------------------------------------------------
Starting RTL Elaboration : Time (s): cpu = 00:00:22 ; elapsed = 00:00:25 . Memory (MB): peak = 1330.223 ; gain = 539.809
---------------------------------------------------------------------------------
INFO: [Synth 8-638] synthesizing module 'dual_stepper_top' [C:/Users/robin/Documents/GitHub/FPGA-GearBox---Group-Bertolini-Liberato/dual_stepper_motor/dual_stepper_top.vhd:42]
	Parameter CLK_FREQ_HZ bound to: 100000000 - type: integer 
	Parameter STEP_FREQ_HZ bound to: 100 - type: integer 
INFO: [Synth 8-3491] module 'stepper_motor_ctrl' declared at 'C:/Users/robin/Documents/GitHub/FPGA-GearBox---Group-Bertolini-Liberato/dual_stepper_motor/stepper_motor_ctrl.vhd:23' bound to instance 'U_MOTOR1' of component 'stepper_motor_ctrl' [C:/Users/robin/Documents/GitHub/FPGA-GearBox---Group-Bertolini-Liberato/dual_stepper_motor/dual_stepper_top.vhd:67]
INFO: [Synth 8-638] synthesizing module 'stepper_motor_ctrl' [C:/Users/robin/Documents/GitHub/FPGA-GearBox---Group-Bertolini-Liberato/dual_stepper_motor/stepper_motor_ctrl.vhd:37]
	Parameter CLK_FREQ_HZ bound to: 100000000 - type: integer 
	Parameter STEP_FREQ_HZ bound to: 100 - type: integer 
INFO: [Synth 8-256] done synthesizing module 'stepper_motor_ctrl' (0#1) [C:/Users/robin/Documents/GitHub/FPGA-GearBox---Group-Bertolini-Liberato/dual_stepper_motor/stepper_motor_ctrl.vhd:37]
	Parameter CLK_FREQ_HZ bound to: 100000000 - type: integer 
	Parameter STEP_FREQ_HZ bound to: 100 - type: integer 
INFO: [Synth 8-3491] module 'stepper_motor_ctrl' declared at 'C:/Users/robin/Documents/GitHub/FPGA-GearBox---Group-Bertolini-Liberato/dual_stepper_motor/stepper_motor_ctrl.vhd:23' bound to instance 'U_MOTOR2' of component 'stepper_motor_ctrl' [C:/Users/robin/Documents/GitHub/FPGA-GearBox---Group-Bertolini-Liberato/dual_stepper_motor/dual_stepper_top.vhd:84]
INFO: [Synth 8-256] done synthesizing module 'dual_stepper_top' (0#1) [C:/Users/robin/Documents/GitHub/FPGA-GearBox---Group-Bertolini-Liberato/dual_stepper_motor/dual_stepper_top.vhd:42]
---------------------------------------------------------------------------------
Finished RTL Elaboration : Time (s): cpu = 00:00:29 ; elapsed = 00:00:34 . Memory (MB): peak = 1448.531 ; gain = 658.117
---------------------------------------------------------------------------------
---------------------------------------------------------------------------------
Start Handling Custom Attributes
---------------------------------------------------------------------------------
---------------------------------------------------------------------------------
Finished Handling Custom Attributes : Time (s): cpu = 00:00:30 ; elapsed = 00:00:34 . Memory (MB): peak = 1448.531 ; gain = 658.117
---------------------------------------------------------------------------------
---------------------------------------------------------------------------------
Finished RTL Optimization Phase 1 : Time (s): cpu = 00:00:30 ; elapsed = 00:00:34 . Memory (MB): peak = 1448.531 ; gain = 658.117
---------------------------------------------------------------------------------
Netlist sorting complete. Time (s): cpu = 00:00:00 ; elapsed = 00:00:00.005 . Memory (MB): peak = 1448.531 ; gain = 0.000
INFO: [Project 1-570] Preparing netlist for logic optimization

Processing XDC Constraints
Initializing timing engine
Parsing XDC File [C:/Users/robin/Documents/GitHub/FPGA-GearBox---Group-Bertolini-Liberato/dual_stepper_motor/dual_stepper_basys3.xdc]
Finished Parsing XDC File [C:/Users/robin/Documents/GitHub/FPGA-GearBox---Group-Bertolini-Liberato/dual_stepper_motor/dual_stepper_basys3.xdc]
INFO: [Project 1-236] Implementation specific constraints were found while reading constraint file [C:/Users/robin/Documents/GitHub/FPGA-GearBox---Group-Bertolini-Liberato/dual_stepper_motor/dual_stepper_basys3.xdc]. These constraints will be ignored for synthesis but will be used in implementation. Impacted constraints are listed in the file [.Xil/dual_stepper_top_propImpl.xdc].
Resolution: To avoid this warning, move constraints listed in [.Xil/dual_stepper_top_propImpl.xdc] to another XDC file and exclude this new file from synthesis with the used_in_synthesis property (File Properties dialog in GUI) and re-run elaboration/synthesis.
Completed Processing XDC Constraints

Netlist sorting complete. Time (s): cpu = 00:00:00 ; elapsed = 00:00:00.001 . Memory (MB): peak = 1498.867 ; gain = 0.000
INFO: [Project 1-111] Unisim Transformation Summary:
No Unisim elements were transformed.

Constraint Validation Runtime : Time (s): cpu = 00:00:00 ; elapsed = 00:00:00.021 . Memory (MB): peak = 1498.867 ; gain = 0.000
---------------------------------------------------------------------------------
Finished Constraint Validation : Time (s): cpu = 00:01:03 ; elapsed = 00:01:12 . Memory (MB): peak = 1498.867 ; gain = 708.453
---------------------------------------------------------------------------------
---------------------------------------------------------------------------------
Start Loading Part and Timing Information
---------------------------------------------------------------------------------
Loading part: xc7a35tcpg236-1
---------------------------------------------------------------------------------
Finished Loading Part and Timing Information : Time (s): cpu = 00:01:03 ; elapsed = 00:01:12 . Memory (MB): peak = 1498.867 ; gain = 708.453
---------------------------------------------------------------------------------
---------------------------------------------------------------------------------
Start Applying 'set_property' XDC Constraints
---------------------------------------------------------------------------------
---------------------------------------------------------------------------------
Finished applying 'set_property' XDC Constraints : Time (s): cpu = 00:01:03 ; elapsed = 00:01:12 . Memory (MB): peak = 1498.867 ; gain = 708.453
---------------------------------------------------------------------------------
INFO: [Synth 8-802] inferred FSM for state register 'state_reg' in module 'stepper_motor_ctrl'
---------------------------------------------------------------------------------------------------
                   State |                     New Encoding |                Previous Encoding 
---------------------------------------------------------------------------------------------------
                    idle |                        000000001 |                             0000
                   step0 |                        000000010 |                             0001
                   step7 |                        000000100 |                             1000
                   step6 |                        000001000 |                             0111
                   step5 |                        000010000 |                             0110
                   step4 |                        000100000 |                             0101
                   step3 |                        001000000 |                             0100
                   step2 |                        010000000 |                             0011
                   step1 |                        100000000 |                             0010
---------------------------------------------------------------------------------------------------
INFO: [Synth 8-3354] encoded FSM with state register 'state_reg' using encoding 'one-hot' in module 'stepper_motor_ctrl'
---------------------------------------------------------------------------------
Finished RTL Optimization Phase 2 : Time (s): cpu = 00:01:04 ; elapsed = 00:01:13 . Memory (MB): peak = 1498.867 ; gain = 708.453
---------------------------------------------------------------------------------
---------------------------------------------------------------------------------
Start RTL Component Statistics 
---------------------------------------------------------------------------------
Detailed RTL Component Info : 
+---Registers : 
	                1 Bit    Registers := 2     
+---Muxes : 
	   9 Input    9 Bit        Muxes := 2     
	   2 Input    9 Bit        Muxes := 32    
	   9 Input    4 Bit        Muxes := 2     
	   2 Input    1 Bit        Muxes := 2     
	   9 Input    1 Bit        Muxes := 2     
---------------------------------------------------------------------------------
Finished RTL Component Statistics 
---------------------------------------------------------------------------------
---------------------------------------------------------------------------------
Start Part Resource Summary
---------------------------------------------------------------------------------
Part Resources:
DSPs: 90 (col length:60)
BRAMs: 100 (col length: RAMB18 60 RAMB36 30)
---------------------------------------------------------------------------------
Finished Part Resource Summary
---------------------------------------------------------------------------------
---------------------------------------------------------------------------------
Start Cross Boundary and Area Optimization
---------------------------------------------------------------------------------
---------------------------------------------------------------------------------
Finished Cross Boundary and Area Optimization : Time (s): cpu = 00:01:14 ; elapsed = 00:01:24 . Memory (MB): peak = 1498.867 ; gain = 708.453
---------------------------------------------------------------------------------
---------------------------------------------------------------------------------
Start Applying XDC Timing Constraints
---------------------------------------------------------------------------------
---------------------------------------------------------------------------------
Finished Applying XDC Timing Constraints : Time (s): cpu = 00:01:38 ; elapsed = 00:01:51 . Memory (MB): peak = 1641.832 ; gain = 851.418
---------------------------------------------------------------------------------
---------------------------------------------------------------------------------
Start Timing Optimization
---------------------------------------------------------------------------------
---------------------------------------------------------------------------------
Finished Timing Optimization : Time (s): cpu = 00:01:38 ; elapsed = 00:01:52 . Memory (MB): peak = 1662.309 ; gain = 871.895
---------------------------------------------------------------------------------
---------------------------------------------------------------------------------
Start Technology Mapping
---------------------------------------------------------------------------------
---------------------------------------------------------------------------------
Finished Technology Mapping : Time (s): cpu = 00:01:38 ; elapsed = 00:01:52 . Memory (MB): peak = 1663.105 ; gain = 872.691
---------------------------------------------------------------------------------
---------------------------------------------------------------------------------
Start IO Insertion
---------------------------------------------------------------------------------
---------------------------------------------------------------------------------
Start Flattening Before IO Insertion
---------------------------------------------------------------------------------
---------------------------------------------------------------------------------
Finished Flattening Before IO Insertion
---------------------------------------------------------------------------------
---------------------------------------------------------------------------------
Start Final Netlist Cleanup
---------------------------------------------------------------------------------
---------------------------------------------------------------------------------
Finished Final Netlist Cleanup
---------------------------------------------------------------------------------
---------------------------------------------------------------------------------
Finished IO Insertion : Time (s): cpu = 00:01:57 ; elapsed = 00:02:13 . Memory (MB): peak = 1901.621 ; gain = 1111.207
---------------------------------------------------------------------------------
---------------------------------------------------------------------------------
Start Renaming Generated Instances
---------------------------------------------------------------------------------
---------------------------------------------------------------------------------
Finished Renaming Generated Instances : Time (s): cpu = 00:01:57 ; elapsed = 00:02:13 . Memory (MB): peak = 1901.621 ; gain = 1111.207
---------------------------------------------------------------------------------
---------------------------------------------------------------------------------
Start Rebuilding User Hierarchy
---------------------------------------------------------------------------------
---------------------------------------------------------------------------------
Finished Rebuilding User Hierarchy : Time (s): cpu = 00:01:57 ; elapsed = 00:02:13 . Memory (MB): peak = 1901.621 ; gain = 1111.207
---------------------------------------------------------------------------------
---------------------------------------------------------------------------------
Start Renaming Generated Ports
---------------------------------------------------------------------------------
---------------------------------------------------------------------------------
Finished Renaming Generated Ports : Time (s): cpu = 00:01:57 ; elapsed = 00:02:13 . Memory (MB): peak = 1901.621 ; gain = 1111.207
---------------------------------------------------------------------------------
---------------------------------------------------------------------------------
Start Handling Custom Attributes
---------------------------------------------------------------------------------
---------------------------------------------------------------------------------
Finished Handling Custom Attributes : Time (s): cpu = 00:01:57 ; elapsed = 00:02:13 . Memory (MB): peak = 1901.621 ; gain = 1111.207
---------------------------------------------------------------------------------
---------------------------------------------------------------------------------
Start Renaming Generated Nets
---------------------------------------------------------------------------------
---------------------------------------------------------------------------------
Finished Renaming Generated Nets : Time (s): cpu = 00:01:57 ; elapsed = 00:02:13 . Memory (MB): peak = 1901.621 ; gain = 1111.207
---------------------------------------------------------------------------------
---------------------------------------------------------------------------------
Start Writing Synthesis Report
---------------------------------------------------------------------------------

Report BlackBoxes: 
+-+--------------+----------+
| |BlackBox name |Instances |
+-+--------------+----------+
+-+--------------+----------+

Report Cell Usage: 
+------+-------+------+
|      |Cell   |Count |
+------+-------+------+
|1     |BUFG   |     1|
|2     |CARRY4 |    10|
|3     |LUT1   |     2|
|4     |LUT2   |     2|
|5     |LUT3   |     8|
|6     |LUT4   |    24|
|7     |LUT5   |     8|
|8     |LUT6   |     4|
|9     |FDRE   |    58|
|10    |FDSE   |     2|
|11    |IBUF   |     6|
|12    |OBUF   |     8|
+------+-------+------+
---------------------------------------------------------------------------------
Finished Writing Synthesis Report : Time (s): cpu = 00:01:57 ; elapsed = 00:02:13 . Memory (MB): peak = 1901.621 ; gain = 1111.207
---------------------------------------------------------------------------------
Synthesis finished with 0 errors, 0 critical warnings and 0 warnings.
Synthesis Optimization Runtime : Time (s): cpu = 00:01:21 ; elapsed = 00:02:04 . Memory (MB): peak = 1901.621 ; gain = 1060.871
Synthesis Optimization Complete : Time (s): cpu = 00:01:58 ; elapsed = 00:02:13 . Memory (MB): peak = 1901.621 ; gain = 1111.207
INFO: [Project 1-571] Translating synthesized netlist
Netlist sorting complete. Time (s): cpu = 00:00:00 ; elapsed = 00:00:00.004 . Memory (MB): peak = 1910.867 ; gain = 0.000
INFO: [Netlist 29-17] Analyzing 10 Unisim elements for replacement
INFO: [Netlist 29-28] Unisim Transformation completed in 0 CPU seconds
INFO: [Project 1-570] Preparing netlist for logic optimization
INFO: [Opt 31-138] Pushed 0 inverter(s) to 0 load pin(s).
Netlist sorting complete. Time (s): cpu = 00:00:00 ; elapsed = 00:00:00.001 . Memory (MB): peak = 1914.559 ; gain = 0.000
INFO: [Project 1-111] Unisim Transformation Summary:
No Unisim elements were transformed.

Synth Design complete | Checksum: d48ac44
INFO: [Common 17-83] Releasing license: Synthesis
23 Infos, 0 Warnings, 0 Critical Warnings and 0 Errors encountered.
synth_design completed successfully
synth_design: Time (s): cpu = 00:02:13 ; elapsed = 00:03:04 . Memory (MB): peak = 1914.559 ; gain = 1319.551
Write ShapeDB Complete: Time (s): cpu = 00:00:00 ; elapsed = 00:00:00.006 . Memory (MB): peak = 1914.559 ; gain = 0.000
INFO: [Common 17-1381] The checkpoint 'C:/Users/robin/project_9/project_9.runs/synth_1/dual_stepper_top.dcp' has been generated.
INFO: [Vivado 12-24828] Executing command : report_utilization -file dual_stepper_top_utilization_synth.rpt -pb dual_stepper_top_utilization_synth.pb
INFO: [Common 17-206] Exiting Vivado at Wed Mar 25 22:25:00 2026...
